2011-01-23 13:17:58,078 INFO  [main] org.opensimkit.InteractiveMain [InteractiveMain.java:138] OpenSimKit Java 3.7beta
-------------------------------

2011-01-23 13:17:58,085 INFO  [main] org.opensimkit.InteractiveMain [InteractiveMain.java:139] Computer Information:
Java: 1.6.0_23; Java HotSpot(TM) 64-Bit Server VM 19.0-b09
System: Linux (2.6.34.7-0.7-desktop) unknown running on amd64 (64 bit); UTF-8; de_DE
Timezone: UTC
Userdir: /home/common/05-Jens-OSK/OpenSimKit-Distribution/osk-j-3.7.0-src/work

2011-01-23 13:17:58,097 INFO  [main] org.opensimkit.InteractiveMain [InteractiveMain.java:143] The following 3rd party libraries were found:
2011-01-23 13:17:58,101 INFO  [main] org.opensimkit.InteractiveMain [InteractiveMain.java:145] /home/common/05-Jens-OSK/OpenSimKit-Distribution/osk-j-3.7.0-src/lib/janino-2.5.15.jar
2011-01-23 13:17:58,101 INFO  [main] org.opensimkit.InteractiveMain [InteractiveMain.java:145] /home/common/05-Jens-OSK/OpenSimKit-Distribution/osk-j-3.7.0-src/lib/jcommon-1.0.15.jar
2011-01-23 13:17:58,102 INFO  [main] org.opensimkit.InteractiveMain [InteractiveMain.java:145] /home/common/05-Jens-OSK/OpenSimKit-Distribution/osk-j-3.7.0-src/lib/jfreechart-1.0.12.jar
2011-01-23 13:17:58,102 INFO  [main] org.opensimkit.InteractiveMain [InteractiveMain.java:145] /home/common/05-Jens-OSK/OpenSimKit-Distribution/osk-j-3.7.0-src/lib/junit-4.6.jar
2011-01-23 13:17:58,102 INFO  [main] org.opensimkit.InteractiveMain [InteractiveMain.java:145] /home/common/05-Jens-OSK/OpenSimKit-Distribution/osk-j-3.7.0-src/lib/logback-classic-0.9.15.jar
2011-01-23 13:17:58,102 INFO  [main] org.opensimkit.InteractiveMain [InteractiveMain.java:145] /home/common/05-Jens-OSK/OpenSimKit-Distribution/osk-j-3.7.0-src/lib/logback-core-0.9.15.jar
2011-01-23 13:17:58,102 INFO  [main] org.opensimkit.InteractiveMain [InteractiveMain.java:145] /home/common/05-Jens-OSK/OpenSimKit-Distribution/osk-j-3.7.0-src/lib/osk-j-jat-minimal.jar
2011-01-23 13:17:58,103 INFO  [main] org.opensimkit.InteractiveMain [InteractiveMain.java:145] /home/common/05-Jens-OSK/OpenSimKit-Distribution/osk-j-3.7.0-src/lib/osk-j-packet-library.jar
2011-01-23 13:17:58,103 INFO  [main] org.opensimkit.InteractiveMain [InteractiveMain.java:145] /home/common/05-Jens-OSK/OpenSimKit-Distribution/osk-j-3.7.0-src/lib/slf4j-api-1.5.6.jar
2011-01-23 13:17:58,103 INFO  [main] org.opensimkit.InteractiveMain [InteractiveMain.java:145] /home/common/05-Jens-OSK/OpenSimKit-Distribution/osk-j-3.7.0-src/lib/stax-api-1.0.1.jar
2011-01-23 13:17:58,103 INFO  [main] org.opensimkit.InteractiveMain [InteractiveMain.java:145] /home/common/05-Jens-OSK/OpenSimKit-Distribution/osk-j-3.7.0-src/lib/stax2-api-3.0.1.jar
2011-01-23 13:17:58,103 INFO  [main] org.opensimkit.InteractiveMain [InteractiveMain.java:145] /home/common/05-Jens-OSK/OpenSimKit-Distribution/osk-j-3.7.0-src/lib/vecmath.jar
2011-01-23 13:17:58,104 INFO  [main] org.opensimkit.InteractiveMain [InteractiveMain.java:145] /home/common/05-Jens-OSK/OpenSimKit-Distribution/osk-j-3.7.0-src/lib/woodstox-core-asl-4.0.4.jar
2011-01-23 13:17:58,105 INFO  [main] org.opensimkit.InteractiveMain [InteractiveMain.java:147] 
2011-01-23 13:17:58,106 INFO  [main] org.opensimkit.InteractiveMain [InteractiveMain.java:152] The following Model Libraries were found:
2011-01-23 13:17:58,106 INFO  [main] org.opensimkit.InteractiveMain [InteractiveMain.java:154] /home/common/05-Jens-OSK/OpenSimKit-Distribution/osk-j-3.7.0-src/models/osk-j-rocket-propulsion.jar
2011-01-23 13:17:58,107 INFO  [main] org.opensimkit.InteractiveMain [InteractiveMain.java:156] -------------------------------
2011-01-23 13:17:58,107 INFO  [main] org.opensimkit.InteractiveMain [InteractiveMain.java:157] 
2011-01-23 13:17:58,108 INFO  [main] org.opensimkit.InteractiveMain [InteractiveMain.java:162] Input File: Rocket-stage-inclined2-engine-off.xml
2011-01-23 13:17:58,113 INFO  [main] org.opensimkit.InteractiveMain [InteractiveMain.java:163] Output File: myout.txt
2011-01-23 13:17:58,114 INFO  [main] org.opensimkit.InteractiveMain [InteractiveMain.java:166] Simulator started...
2011-01-23 13:17:58,185 INFO  [main] org.opensimkit.Kernel [Kernel.java:184] System initialization successful. No model loaded yet.
2011-01-23 13:17:58,351 INFO  [main] org.opensimkit.SeqModSim [SeqModSim.java:137] Simulation: Step size is: 2.0.
2011-01-23 13:17:58,528 INFO  [main] org.opensimkit.models.structure.ScStructure [ScStructure.java:245] Generating visualization thread for 22_Structure
2011-01-23 13:17:58,548 INFO  [Thread-1] org.opensimkit.SimVisThread [SimVisThread.java:76] SimVisThread running for component 22_Structure
2011-01-23 13:17:58,556 INFO  [Thread-1] org.opensimkit.SimVisThread [SimVisThread.java:81] SimVisThread waiting...
2011-01-23 13:17:59,385 INFO  [main] org.opensimkit.Kernel [Kernel.java:311] Model sucessfully loaded.
2011-01-23 13:17:59,386 INFO  [main] org.opensimkit.InteractiveMain [InteractiveMain.java:174] Waiting for Cmd/Ctrl connection on port 1500...
2011-01-23 13:18:02,378 INFO  [main] org.opensimkit.InteractiveMain [InteractiveMain.java:178] Waiting for output console connection on port 1510...
2011-01-23 13:18:02,399 INFO  [main] org.opensimkit.InteractiveMain [InteractiveMain.java:182] Generating computation thread...
2011-01-23 13:18:02,400 INFO  [main] org.opensimkit.InteractiveMain [InteractiveMain.java:186] Generating command thread...
2011-01-23 13:18:02,427 INFO  [CommandThread] org.opensimkit.SimCmdThread [SimCmdThread.java:122] SimCmdThread: Cmd/ctrl connection established...
2011-01-23 13:18:38,418 INFO  [ComputeModel] org.opensimkit.ComputeThread [ComputeThread.java:73] ComputeModel
2011-01-23 13:18:38,419 INFO  [ComputeModel] org.opensimkit.ComputeThread [ComputeThread.java:74] Simulator: Output console connection established...

2011-01-23 13:18:38,419 INFO  [ComputeModel] org.opensimkit.SeqModSim [SeqModSim.java:176] Starting simulation...

2011-01-23 13:18:38,419 INFO  [ComputeModel] org.opensimkit.SeqModSim [SeqModSim.java:177] Time: 1.2674841E9
2011-01-23 13:18:38,421 INFO  [ComputeModel] org.opensimkit.SeqModSim [SeqModSim.java:182] Initial system boundary condition iteration...

2011-01-23 13:18:38,444 INFO  [ComputeModel] org.opensimkit.SeqModSim [SeqModSim.java:240] Time: 2010-03-01T22:55:02.000
2011-01-23 13:18:38,634 INFO  [ComputeModel] org.opensimkit.SeqModSim [SeqModSim.java:240] Time: 2010-03-01T22:55:04.000
2011-01-23 13:18:38,834 INFO  [ComputeModel] org.opensimkit.SeqModSim [SeqModSim.java:240] Time: 2010-03-01T22:55:06.000
2011-01-23 13:18:39,034 INFO  [ComputeModel] org.opensimkit.SeqModSim [SeqModSim.java:240] Time: 2010-03-01T22:55:08.000
2011-01-23 13:18:39,232 INFO  [ComputeModel] org.opensimkit.SeqModSim [SeqModSim.java:240] Time: 2010-03-01T22:55:10.000
2011-01-23 13:18:39,434 INFO  [ComputeModel] org.opensimkit.SeqModSim [SeqModSim.java:240] Time: 2010-03-01T22:55:12.000
2011-01-23 13:18:39,634 INFO  [ComputeModel] org.opensimkit.SeqModSim [SeqModSim.java:240] Time: 2010-03-01T22:55:14.000
2011-01-23 13:18:39,834 INFO  [ComputeModel] org.opensimkit.SeqModSim [SeqModSim.java:240] Time: 2010-03-01T22:55:16.000
2011-01-23 13:18:40,034 INFO  [ComputeModel] org.opensimkit.SeqModSim [SeqModSim.java:240] Time: 2010-03-01T22:55:18.000
2011-01-23 13:18:40,232 INFO  [ComputeModel] org.opensimkit.SeqModSim [SeqModSim.java:240] Time: 2010-03-01T22:55:20.000
2011-01-23 13:18:40,435 INFO  [ComputeModel] org.opensimkit.SeqModSim [SeqModSim.java:240] Time: 2010-03-01T22:55:22.000
2011-01-23 13:18:40,634 INFO  [ComputeModel] org.opensimkit.SeqModSim [SeqModSim.java:240] Time: 2010-03-01T22:55:24.000
2011-01-23 13:18:40,835 INFO  [ComputeModel] org.opensimkit.SeqModSim [SeqModSim.java:240] Time: 2010-03-01T22:55:26.000
2011-01-23 13:18:41,035 INFO  [ComputeModel] org.opensimkit.SeqModSim [SeqModSim.java:240] Time: 2010-03-01T22:55:28.000
2011-01-23 13:18:41,234 INFO  [ComputeModel] org.opensimkit.SeqModSim [SeqModSim.java:240] Time: 2010-03-01T22:55:30.000
2011-01-23 13:18:41,431 INFO  [ComputeModel] org.opensimkit.SeqModSim [SeqModSim.java:240] Time: 2010-03-01T22:55:32.000
2011-01-23 13:18:41,634 INFO  [ComputeModel] org.opensimkit.SeqModSim [SeqModSim.java:240] Time: 2010-03-01T22:55:34.000
2011-01-23 13:18:41,834 INFO  [ComputeModel] org.opensimkit.SeqModSim [SeqModSim.java:240] Time: 2010-03-01T22:55:36.000
2011-01-23 13:18:42,034 INFO  [ComputeModel] org.opensimkit.SeqModSim [SeqModSim.java:240] Time: 2010-03-01T22:55:38.000
2011-01-23 13:18:42,234 INFO  [ComputeModel] org.opensimkit.SeqModSim [SeqModSim.java:240] Time: 2010-03-01T22:55:40.000
2011-01-23 13:18:42,431 INFO  [ComputeModel] org.opensimkit.SeqModSim [SeqModSim.java:240] Time: 2010-03-01T22:55:42.000
2011-01-23 13:18:42,632 INFO  [ComputeModel] org.opensimkit.SeqModSim [SeqModSim.java:240] Time: 2010-03-01T22:55:44.000
2011-01-23 13:18:42,834 INFO  [ComputeModel] org.opensimkit.SeqModSim [SeqModSim.java:240] Time: 2010-03-01T22:55:46.000
2011-01-23 13:18:43,033 INFO  [ComputeModel] org.opensimkit.SeqModSim [SeqModSim.java:240] Time: 2010-03-01T22:55:48.000
2011-01-23 13:18:43,234 INFO  [ComputeModel] org.opensimkit.SeqModSim [SeqModSim.java:240] Time: 2010-03-01T22:55:50.000
2011-01-23 13:18:43,435 INFO  [ComputeModel] org.opensimkit.SeqModSim [SeqModSim.java:240] Time: 2010-03-01T22:55:52.000
2011-01-23 13:18:43,636 INFO  [ComputeModel] org.opensimkit.SeqModSim [SeqModSim.java:240] Time: 2010-03-01T22:55:54.000
2011-01-23 13:18:43,837 INFO  [ComputeModel] org.opensimkit.SeqModSim [SeqModSim.java:240] Time: 2010-03-01T22:55:56.000
2011-01-23 13:18:44,036 INFO  [ComputeModel] org.opensimkit.SeqModSim [SeqModSim.java:240] Time: 2010-03-01T22:55:58.000
2011-01-23 13:18:44,237 INFO  [ComputeModel] org.opensimkit.SeqModSim [SeqModSim.java:240] Time: 2010-03-01T22:56:00.000
2011-01-23 13:18:44,436 INFO  [ComputeModel] org.opensimkit.SeqModSim [SeqModSim.java:240] Time: 2010-03-01T22:56:02.000
2011-01-23 13:18:44,638 INFO  [ComputeModel] org.opensimkit.SeqModSim [SeqModSim.java:240] Time: 2010-03-01T22:56:04.000
2011-01-23 13:18:44,841 INFO  [ComputeModel] org.opensimkit.SeqModSim [SeqModSim.java:240] Time: 2010-03-01T22:56:06.000
2011-01-23 13:18:45,038 INFO  [ComputeModel] org.opensimkit.SeqModSim [SeqModSim.java:240] Time: 2010-03-01T22:56:08.000
2011-01-23 13:18:45,236 INFO  [ComputeModel] org.opensimkit.SeqModSim [SeqModSim.java:240] Time: 2010-03-01T22:56:10.000
2011-01-23 13:18:45,439 INFO  [ComputeModel] org.opensimkit.SeqModSim [SeqModSim.java:240] Time: 2010-03-01T22:56:12.000
2011-01-23 13:18:45,640 INFO  [ComputeModel] org.opensimkit.SeqModSim [SeqModSim.java:240] Time: 2010-03-01T22:56:14.000
2011-01-23 13:18:45,840 INFO  [ComputeModel] org.opensimkit.SeqModSim [SeqModSim.java:240] Time: 2010-03-01T22:56:16.000
2011-01-23 13:18:46,038 INFO  [ComputeModel] org.opensimkit.SeqModSim [SeqModSim.java:240] Time: 2010-03-01T22:56:18.000
2011-01-23 13:18:46,246 INFO  [ComputeModel] org.opensimkit.SeqModSim [SeqModSim.java:240] Time: 2010-03-01T22:56:20.000
2011-01-23 13:18:46,445 INFO  [ComputeModel] org.opensimkit.SeqModSim [SeqModSim.java:240] Time: 2010-03-01T22:56:22.000
2011-01-23 13:18:46,639 INFO  [ComputeModel] org.opensimkit.SeqModSim [SeqModSim.java:240] Time: 2010-03-01T22:56:24.000
2011-01-23 13:18:46,842 INFO  [ComputeModel] org.opensimkit.SeqModSim [SeqModSim.java:240] Time: 2010-03-01T22:56:26.000
2011-01-23 13:18:47,042 INFO  [ComputeModel] org.opensimkit.SeqModSim [SeqModSim.java:240] Time: 2010-03-01T22:56:28.000
2011-01-23 13:18:47,240 INFO  [ComputeModel] org.opensimkit.SeqModSim [SeqModSim.java:240] Time: 2010-03-01T22:56:30.000
2011-01-23 13:18:47,443 INFO  [ComputeModel] org.opensimkit.SeqModSim [SeqModSim.java:240] Time: 2010-03-01T22:56:32.000
2011-01-23 13:18:47,640 INFO  [ComputeModel] org.opensimkit.SeqModSim [SeqModSim.java:240] Time: 2010-03-01T22:56:34.000
2011-01-23 13:18:47,841 INFO  [ComputeModel] org.opensimkit.SeqModSim [SeqModSim.java:240] Time: 2010-03-01T22:56:36.000
2011-01-23 13:18:48,041 INFO  [ComputeModel] org.opensimkit.SeqModSim [SeqModSim.java:240] Time: 2010-03-01T22:56:38.000
2011-01-23 13:18:48,241 INFO  [ComputeModel] org.opensimkit.SeqModSim [SeqModSim.java:240] Time: 2010-03-01T22:56:40.000
2011-01-23 13:18:48,441 INFO  [ComputeModel] org.opensimkit.SeqModSim [SeqModSim.java:240] Time: 2010-03-01T22:56:42.000
2011-01-23 13:18:48,644 INFO  [ComputeModel] org.opensimkit.SeqModSim [SeqModSim.java:240] Time: 2010-03-01T22:56:44.000
2011-01-23 13:18:48,841 INFO  [ComputeModel] org.opensimkit.SeqModSim [SeqModSim.java:240] Time: 2010-03-01T22:56:46.000
2011-01-23 13:18:49,041 INFO  [ComputeModel] org.opensimkit.SeqModSim [SeqModSim.java:240] Time: 2010-03-01T22:56:48.000
2011-01-23 13:18:49,240 INFO  [ComputeModel] org.opensimkit.SeqModSim [SeqModSim.java:240] Time: 2010-03-01T22:56:50.000
2011-01-23 13:18:49,441 INFO  [ComputeModel] org.opensimkit.SeqModSim [SeqModSim.java:240] Time: 2010-03-01T22:56:52.000
2011-01-23 13:18:49,641 INFO  [ComputeModel] org.opensimkit.SeqModSim [SeqModSim.java:240] Time: 2010-03-01T22:56:54.000
2011-01-23 13:18:49,839 INFO  [ComputeModel] org.opensimkit.SeqModSim [SeqModSim.java:240] Time: 2010-03-01T22:56:56.000
2011-01-23 13:18:50,042 INFO  [ComputeModel] org.opensimkit.SeqModSim [SeqModSim.java:240] Time: 2010-03-01T22:56:58.000
2011-01-23 13:18:50,242 INFO  [ComputeModel] org.opensimkit.SeqModSim [SeqModSim.java:240] Time: 2010-03-01T22:57:00.000
2011-01-23 13:18:50,444 INFO  [ComputeModel] org.opensimkit.SeqModSim [SeqModSim.java:240] Time: 2010-03-01T22:57:02.000
2011-01-23 13:18:50,642 INFO  [ComputeModel] org.opensimkit.SeqModSim [SeqModSim.java:240] Time: 2010-03-01T22:57:04.000
2011-01-23 13:18:50,840 INFO  [ComputeModel] org.opensimkit.SeqModSim [SeqModSim.java:240] Time: 2010-03-01T22:57:06.000
2011-01-23 13:18:51,043 INFO  [ComputeModel] org.opensimkit.SeqModSim [SeqModSim.java:240] Time: 2010-03-01T22:57:08.000
2011-01-23 13:18:51,242 INFO  [ComputeModel] org.opensimkit.SeqModSim [SeqModSim.java:240] Time: 2010-03-01T22:57:10.000
2011-01-23 13:18:51,443 INFO  [ComputeModel] org.opensimkit.SeqModSim [SeqModSim.java:240] Time: 2010-03-01T22:57:12.000
2011-01-23 13:18:51,643 INFO  [ComputeModel] org.opensimkit.SeqModSim [SeqModSim.java:240] Time: 2010-03-01T22:57:14.000
2011-01-23 13:18:51,844 INFO  [ComputeModel] org.opensimkit.SeqModSim [SeqModSim.java:240] Time: 2010-03-01T22:57:16.000
2011-01-23 13:18:52,041 INFO  [ComputeModel] org.opensimkit.SeqModSim [SeqModSim.java:240] Time: 2010-03-01T22:57:18.000
2011-01-23 13:18:52,246 INFO  [ComputeModel] org.opensimkit.SeqModSim [SeqModSim.java:240] Time: 2010-03-01T22:57:20.000
2011-01-23 13:18:52,442 INFO  [ComputeModel] org.opensimkit.SeqModSim [SeqModSim.java:240] Time: 2010-03-01T22:57:22.000
2011-01-23 13:18:52,643 INFO  [ComputeModel] org.opensimkit.SeqModSim [SeqModSim.java:240] Time: 2010-03-01T22:57:24.000
2011-01-23 13:18:52,842 INFO  [ComputeModel] org.opensimkit.SeqModSim [SeqModSim.java:240] Time: 2010-03-01T22:57:26.000
2011-01-23 13:18:53,043 INFO  [ComputeModel] org.opensimkit.SeqModSim [SeqModSim.java:240] Time: 2010-03-01T22:57:28.000
2011-01-23 13:18:53,242 INFO  [ComputeModel] org.opensimkit.SeqModSim [SeqModSim.java:240] Time: 2010-03-01T22:57:30.000
2011-01-23 13:18:53,441 INFO  [ComputeModel] org.opensimkit.SeqModSim [SeqModSim.java:240] Time: 2010-03-01T22:57:32.000
2011-01-23 13:18:53,644 INFO  [ComputeModel] org.opensimkit.SeqModSim [SeqModSim.java:240] Time: 2010-03-01T22:57:34.000
2011-01-23 13:18:53,842 INFO  [ComputeModel] org.opensimkit.SeqModSim [SeqModSim.java:240] Time: 2010-03-01T22:57:36.000
2011-01-23 13:18:54,043 INFO  [ComputeModel] org.opensimkit.SeqModSim [SeqModSim.java:240] Time: 2010-03-01T22:57:38.000
2011-01-23 13:18:54,244 INFO  [ComputeModel] org.opensimkit.SeqModSim [SeqModSim.java:240] Time: 2010-03-01T22:57:40.000
2011-01-23 13:18:54,442 INFO  [ComputeModel] org.opensimkit.SeqModSim [SeqModSim.java:240] Time: 2010-03-01T22:57:42.000
2011-01-23 13:18:54,642 INFO  [ComputeModel] org.opensimkit.SeqModSim [SeqModSim.java:240] Time: 2010-03-01T22:57:44.000
2011-01-23 13:18:54,843 INFO  [ComputeModel] org.opensimkit.SeqModSim [SeqModSim.java:240] Time: 2010-03-01T22:57:46.000
2011-01-23 13:18:55,049 INFO  [ComputeModel] org.opensimkit.SeqModSim [SeqModSim.java:240] Time: 2010-03-01T22:57:48.000
2011-01-23 13:18:55,242 INFO  [ComputeModel] org.opensimkit.SeqModSim [SeqModSim.java:240] Time: 2010-03-01T22:57:50.000
2011-01-23 13:18:55,443 INFO  [ComputeModel] org.opensimkit.SeqModSim [SeqModSim.java:240] Time: 2010-03-01T22:57:52.000
2011-01-23 13:18:55,650 INFO  [ComputeModel] org.opensimkit.SeqModSim [SeqModSim.java:240] Time: 2010-03-01T22:57:54.000
2011-01-23 13:18:55,847 INFO  [ComputeModel] org.opensimkit.SeqModSim [SeqModSim.java:240] Time: 2010-03-01T22:57:56.000
2011-01-23 13:18:56,048 INFO  [ComputeModel] org.opensimkit.SeqModSim [SeqModSim.java:240] Time: 2010-03-01T22:57:58.000
2011-01-23 13:18:56,247 INFO  [ComputeModel] org.opensimkit.SeqModSim [SeqModSim.java:240] Time: 2010-03-01T22:58:00.000
2011-01-23 13:18:56,448 INFO  [ComputeModel] org.opensimkit.SeqModSim [SeqModSim.java:240] Time: 2010-03-01T22:58:02.000
2011-01-23 13:18:56,648 INFO  [ComputeModel] org.opensimkit.SeqModSim [SeqModSim.java:240] Time: 2010-03-01T22:58:04.000
2011-01-23 13:18:56,849 INFO  [ComputeModel] org.opensimkit.SeqModSim [SeqModSim.java:240] Time: 2010-03-01T22:58:06.000
2011-01-23 13:18:57,049 INFO  [ComputeModel] org.opensimkit.SeqModSim [SeqModSim.java:240] Time: 2010-03-01T22:58:08.000
2011-01-23 13:18:57,249 INFO  [ComputeModel] org.opensimkit.SeqModSim [SeqModSim.java:240] Time: 2010-03-01T22:58:10.000
2011-01-23 13:18:57,449 INFO  [ComputeModel] org.opensimkit.SeqModSim [SeqModSim.java:240] Time: 2010-03-01T22:58:12.000
2011-01-23 13:18:57,615 INFO  [Thread-1] org.opensimkit.SimVisThread [SimVisThread.java:83] Celestia connected to OSK
2011-01-23 13:18:57,649 INFO  [ComputeModel] org.opensimkit.SeqModSim [SeqModSim.java:240] Time: 2010-03-01T22:58:14.000
2011-01-23 13:18:57,850 INFO  [ComputeModel] org.opensimkit.SeqModSim [SeqModSim.java:240] Time: 2010-03-01T22:58:16.000
2011-01-23 13:18:58,049 INFO  [ComputeModel] org.opensimkit.SeqModSim [SeqModSim.java:240] Time: 2010-03-01T22:58:18.000
2011-01-23 13:18:58,250 INFO  [ComputeModel] org.opensimkit.SeqModSim [SeqModSim.java:240] Time: 2010-03-01T22:58:20.000
2011-01-23 13:18:58,449 INFO  [ComputeModel] org.opensimkit.SeqModSim [SeqModSim.java:240] Time: 2010-03-01T22:58:22.000
2011-01-23 13:18:58,649 INFO  [ComputeModel] org.opensimkit.SeqModSim [SeqModSim.java:240] Time: 2010-03-01T22:58:24.000
2011-01-23 13:18:58,850 INFO  [ComputeModel] org.opensimkit.SeqModSim [SeqModSim.java:240] Time: 2010-03-01T22:58:26.000
2011-01-23 13:18:59,050 INFO  [ComputeModel] org.opensimkit.SeqModSim [SeqModSim.java:240] Time: 2010-03-01T22:58:28.000
2011-01-23 13:18:59,249 INFO  [ComputeModel] org.opensimkit.SeqModSim [SeqModSim.java:240] Time: 2010-03-01T22:58:30.000
2011-01-23 13:18:59,449 INFO  [ComputeModel] org.opensimkit.SeqModSim [SeqModSim.java:240] Time: 2010-03-01T22:58:32.000
2011-01-23 13:18:59,649 INFO  [ComputeModel] org.opensimkit.SeqModSim [SeqModSim.java:240] Time: 2010-03-01T22:58:34.000
2011-01-23 13:18:59,849 INFO  [ComputeModel] org.opensimkit.SeqModSim [SeqModSim.java:240] Time: 2010-03-01T22:58:36.000
2011-01-23 13:19:00,050 INFO  [ComputeModel] org.opensimkit.SeqModSim [SeqModSim.java:240] Time: 2010-03-01T22:58:38.000
2011-01-23 13:19:00,249 INFO  [ComputeModel] org.opensimkit.SeqModSim [SeqModSim.java:240] Time: 2010-03-01T22:58:40.000
2011-01-23 13:19:00,449 INFO  [ComputeModel] org.opensimkit.SeqModSim [SeqModSim.java:240] Time: 2010-03-01T22:58:42.000
2011-01-23 13:19:00,649 INFO  [ComputeModel] org.opensimkit.SeqModSim [SeqModSim.java:240] Time: 2010-03-01T22:58:44.000
2011-01-23 13:19:00,849 INFO  [ComputeModel] org.opensimkit.SeqModSim [SeqModSim.java:240] Time: 2010-03-01T22:58:46.000
2011-01-23 13:19:01,049 INFO  [ComputeModel] org.opensimkit.SeqModSim [SeqModSim.java:240] Time: 2010-03-01T22:58:48.000
2011-01-23 13:19:01,249 INFO  [ComputeModel] org.opensimkit.SeqModSim [SeqModSim.java:240] Time: 2010-03-01T22:58:50.000
2011-01-23 13:19:01,449 INFO  [ComputeModel] org.opensimkit.SeqModSim [SeqModSim.java:240] Time: 2010-03-01T22:58:52.000
2011-01-23 13:19:01,649 INFO  [ComputeModel] org.opensimkit.SeqModSim [SeqModSim.java:240] Time: 2010-03-01T22:58:54.000
2011-01-23 13:19:01,849 INFO  [ComputeModel] org.opensimkit.SeqModSim [SeqModSim.java:240] Time: 2010-03-01T22:58:56.000
2011-01-23 13:19:02,051 INFO  [ComputeModel] org.opensimkit.SeqModSim [SeqModSim.java:240] Time: 2010-03-01T22:58:58.000
2011-01-23 13:19:02,251 INFO  [ComputeModel] org.opensimkit.SeqModSim [SeqModSim.java:240] Time: 2010-03-01T22:59:00.000
2011-01-23 13:19:02,451 INFO  [ComputeModel] org.opensimkit.SeqModSim [SeqModSim.java:240] Time: 2010-03-01T22:59:02.000
2011-01-23 13:19:02,651 INFO  [ComputeModel] org.opensimkit.SeqModSim [SeqModSim.java:240] Time: 2010-03-01T22:59:04.000
2011-01-23 13:19:02,851 INFO  [ComputeModel] org.opensimkit.SeqModSim [SeqModSim.java:240] Time: 2010-03-01T22:59:06.000
2011-01-23 13:19:03,051 INFO  [ComputeModel] org.opensimkit.SeqModSim [SeqModSim.java:240] Time: 2010-03-01T22:59:08.000
2011-01-23 13:19:03,251 INFO  [ComputeModel] org.opensimkit.SeqModSim [SeqModSim.java:240] Time: 2010-03-01T22:59:10.000
2011-01-23 13:19:03,451 INFO  [ComputeModel] org.opensimkit.SeqModSim [SeqModSim.java:240] Time: 2010-03-01T22:59:12.000
2011-01-23 13:19:03,654 INFO  [ComputeModel] org.opensimkit.SeqModSim [SeqModSim.java:240] Time: 2010-03-01T22:59:14.000
2011-01-23 13:19:03,854 INFO  [ComputeModel] org.opensimkit.SeqModSim [SeqModSim.java:240] Time: 2010-03-01T22:59:16.000
2011-01-23 13:19:04,054 INFO  [ComputeModel] org.opensimkit.SeqModSim [SeqModSim.java:240] Time: 2010-03-01T22:59:18.000
2011-01-23 13:19:04,254 INFO  [ComputeModel] org.opensimkit.SeqModSim [SeqModSim.java:240] Time: 2010-03-01T22:59:20.000
2011-01-23 13:19:04,454 INFO  [ComputeModel] org.opensimkit.SeqModSim [SeqModSim.java:240] Time: 2010-03-01T22:59:22.000
2011-01-23 13:19:04,655 INFO  [ComputeModel] org.opensimkit.SeqModSim [SeqModSim.java:240] Time: 2010-03-01T22:59:24.000
2011-01-23 13:19:04,855 INFO  [ComputeModel] org.opensimkit.SeqModSim [SeqModSim.java:240] Time: 2010-03-01T22:59:26.000
2011-01-23 13:19:05,054 INFO  [ComputeModel] org.opensimkit.SeqModSim [SeqModSim.java:240] Time: 2010-03-01T22:59:28.000
2011-01-23 13:19:05,254 INFO  [ComputeModel] org.opensimkit.SeqModSim [SeqModSim.java:240] Time: 2010-03-01T22:59:30.000
2011-01-23 13:19:05,455 INFO  [ComputeModel] org.opensimkit.SeqModSim [SeqModSim.java:240] Time: 2010-03-01T22:59:32.000
2011-01-23 13:19:05,656 INFO  [ComputeModel] org.opensimkit.SeqModSim [SeqModSim.java:240] Time: 2010-03-01T22:59:34.000
2011-01-23 13:19:05,856 INFO  [ComputeModel] org.opensimkit.SeqModSim [SeqModSim.java:240] Time: 2010-03-01T22:59:36.000
2011-01-23 13:19:06,058 INFO  [ComputeModel] org.opensimkit.SeqModSim [SeqModSim.java:240] Time: 2010-03-01T22:59:38.000
2011-01-23 13:19:06,260 INFO  [ComputeModel] org.opensimkit.SeqModSim [SeqModSim.java:240] Time: 2010-03-01T22:59:40.000
2011-01-23 13:19:06,461 INFO  [ComputeModel] org.opensimkit.SeqModSim [SeqModSim.java:240] Time: 2010-03-01T22:59:42.000
2011-01-23 13:19:06,661 INFO  [ComputeModel] org.opensimkit.SeqModSim [SeqModSim.java:240] Time: 2010-03-01T22:59:44.000
2011-01-23 13:19:06,861 INFO  [ComputeModel] org.opensimkit.SeqModSim [SeqModSim.java:240] Time: 2010-03-01T22:59:46.000
2011-01-23 13:19:07,064 INFO  [ComputeModel] org.opensimkit.SeqModSim [SeqModSim.java:240] Time: 2010-03-01T22:59:48.000
2011-01-23 13:19:07,264 INFO  [ComputeModel] org.opensimkit.SeqModSim [SeqModSim.java:240] Time: 2010-03-01T22:59:50.000
2011-01-23 13:19:07,464 INFO  [ComputeModel] org.opensimkit.SeqModSim [SeqModSim.java:240] Time: 2010-03-01T22:59:52.000
2011-01-23 13:19:07,665 INFO  [ComputeModel] org.opensimkit.SeqModSim [SeqModSim.java:240] Time: 2010-03-01T22:59:54.000
2011-01-23 13:19:07,865 INFO  [ComputeModel] org.opensimkit.SeqModSim [SeqModSim.java:240] Time: 2010-03-01T22:59:56.000
2011-01-23 13:19:08,066 INFO  [ComputeModel] org.opensimkit.SeqModSim [SeqModSim.java:240] Time: 2010-03-01T22:59:58.000
2011-01-23 13:19:08,266 INFO  [ComputeModel] org.opensimkit.SeqModSim [SeqModSim.java:240] Time: 2010-03-01T23:00:00.000
2011-01-23 13:19:08,466 INFO  [ComputeModel] org.opensimkit.SeqModSim [SeqModSim.java:240] Time: 2010-03-01T23:00:02.000
2011-01-23 13:19:08,666 INFO  [ComputeModel] org.opensimkit.SeqModSim [SeqModSim.java:240] Time: 2010-03-01T23:00:04.000
2011-01-23 13:19:08,866 INFO  [ComputeModel] org.opensimkit.SeqModSim [SeqModSim.java:240] Time: 2010-03-01T23:00:06.000
2011-01-23 13:19:09,066 INFO  [ComputeModel] org.opensimkit.SeqModSim [SeqModSim.java:240] Time: 2010-03-01T23:00:08.000
2011-01-23 13:19:09,266 INFO  [ComputeModel] org.opensimkit.SeqModSim [SeqModSim.java:240] Time: 2010-03-01T23:00:10.000
2011-01-23 13:19:09,471 INFO  [ComputeModel] org.opensimkit.SeqModSim [SeqModSim.java:240] Time: 2010-03-01T23:00:12.000
2011-01-23 13:19:09,670 INFO  [ComputeModel] org.opensimkit.SeqModSim [SeqModSim.java:240] Time: 2010-03-01T23:00:14.000
2011-01-23 13:19:09,872 INFO  [ComputeModel] org.opensimkit.SeqModSim [SeqModSim.java:240] Time: 2010-03-01T23:00:16.000
2011-01-23 13:19:10,075 INFO  [ComputeModel] org.opensimkit.SeqModSim [SeqModSim.java:240] Time: 2010-03-01T23:00:18.000
2011-01-23 13:19:10,275 INFO  [ComputeModel] org.opensimkit.SeqModSim [SeqModSim.java:240] Time: 2010-03-01T23:00:20.000
2011-01-23 13:19:10,475 INFO  [ComputeModel] org.opensimkit.SeqModSim [SeqModSim.java:240] Time: 2010-03-01T23:00:22.000
2011-01-23 13:19:10,677 INFO  [ComputeModel] org.opensimkit.SeqModSim [SeqModSim.java:240] Time: 2010-03-01T23:00:24.000
2011-01-23 13:19:10,877 INFO  [ComputeModel] org.opensimkit.SeqModSim [SeqModSim.java:240] Time: 2010-03-01T23:00:26.000
2011-01-23 13:19:11,077 INFO  [ComputeModel] org.opensimkit.SeqModSim [SeqModSim.java:240] Time: 2010-03-01T23:00:28.000
2011-01-23 13:19:11,277 INFO  [ComputeModel] org.opensimkit.SeqModSim [SeqModSim.java:240] Time: 2010-03-01T23:00:30.000
2011-01-23 13:19:11,477 INFO  [ComputeModel] org.opensimkit.SeqModSim [SeqModSim.java:240] Time: 2010-03-01T23:00:32.000
2011-01-23 13:19:11,677 INFO  [ComputeModel] org.opensimkit.SeqModSim [SeqModSim.java:240] Time: 2010-03-01T23:00:34.000
2011-01-23 13:19:11,878 INFO  [ComputeModel] org.opensimkit.SeqModSim [SeqModSim.java:240] Time: 2010-03-01T23:00:36.000
2011-01-23 13:19:12,081 INFO  [ComputeModel] org.opensimkit.SeqModSim [SeqModSim.java:240] Time: 2010-03-01T23:00:38.000
2011-01-23 13:19:12,278 INFO  [ComputeModel] org.opensimkit.SeqModSim [SeqModSim.java:240] Time: 2010-03-01T23:00:40.000
2011-01-23 13:19:12,478 INFO  [ComputeModel] org.opensimkit.SeqModSim [SeqModSim.java:240] Time: 2010-03-01T23:00:42.000
2011-01-23 13:19:12,678 INFO  [ComputeModel] org.opensimkit.SeqModSim [SeqModSim.java:240] Time: 2010-03-01T23:00:44.000
2011-01-23 13:19:12,881 INFO  [ComputeModel] org.opensimkit.SeqModSim [SeqModSim.java:240] Time: 2010-03-01T23:00:46.000
2011-01-23 13:19:13,081 INFO  [ComputeModel] org.opensimkit.SeqModSim [SeqModSim.java:240] Time: 2010-03-01T23:00:48.000
2011-01-23 13:19:13,283 INFO  [ComputeModel] org.opensimkit.SeqModSim [SeqModSim.java:240] Time: 2010-03-01T23:00:50.000
2011-01-23 13:19:13,483 INFO  [ComputeModel] org.opensimkit.SeqModSim [SeqModSim.java:240] Time: 2010-03-01T23:00:52.000
2011-01-23 13:19:13,682 INFO  [ComputeModel] org.opensimkit.SeqModSim [SeqModSim.java:240] Time: 2010-03-01T23:00:54.000
2011-01-23 13:19:13,883 INFO  [ComputeModel] org.opensimkit.SeqModSim [SeqModSim.java:240] Time: 2010-03-01T23:00:56.000
2011-01-23 13:19:14,083 INFO  [ComputeModel] org.opensimkit.SeqModSim [SeqModSim.java:240] Time: 2010-03-01T23:00:58.000
2011-01-23 13:19:14,283 INFO  [ComputeModel] org.opensimkit.SeqModSim [SeqModSim.java:240] Time: 2010-03-01T23:01:00.000
2011-01-23 13:19:14,483 INFO  [ComputeModel] org.opensimkit.SeqModSim [SeqModSim.java:240] Time: 2010-03-01T23:01:02.000
2011-01-23 13:19:14,683 INFO  [ComputeModel] org.opensimkit.SeqModSim [SeqModSim.java:240] Time: 2010-03-01T23:01:04.000
2011-01-23 13:19:14,883 INFO  [ComputeModel] org.opensimkit.SeqModSim [SeqModSim.java:240] Time: 2010-03-01T23:01:06.000
2011-01-23 13:19:15,084 INFO  [ComputeModel] org.opensimkit.SeqModSim [SeqModSim.java:240] Time: 2010-03-01T23:01:08.000
2011-01-23 13:19:15,284 INFO  [ComputeModel] org.opensimkit.SeqModSim [SeqModSim.java:240] Time: 2010-03-01T23:01:10.000
2011-01-23 13:19:15,484 INFO  [ComputeModel] org.opensimkit.SeqModSim [SeqModSim.java:240] Time: 2010-03-01T23:01:12.000
2011-01-23 13:19:15,684 INFO  [ComputeModel] org.opensimkit.SeqModSim [SeqModSim.java:240] Time: 2010-03-01T23:01:14.000
2011-01-23 13:19:15,885 INFO  [ComputeModel] org.opensimkit.SeqModSim [SeqModSim.java:240] Time: 2010-03-01T23:01:16.000
2011-01-23 13:19:16,085 INFO  [ComputeModel] org.opensimkit.SeqModSim [SeqModSim.java:240] Time: 2010-03-01T23:01:18.000
2011-01-23 13:19:16,284 INFO  [ComputeModel] org.opensimkit.SeqModSim [SeqModSim.java:240] Time: 2010-03-01T23:01:20.000
2011-01-23 13:19:16,485 INFO  [ComputeModel] org.opensimkit.SeqModSim [SeqModSim.java:240] Time: 2010-03-01T23:01:22.000
2011-01-23 13:19:16,685 INFO  [ComputeModel] org.opensimkit.SeqModSim [SeqModSim.java:240] Time: 2010-03-01T23:01:24.000
2011-01-23 13:19:16,885 INFO  [ComputeModel] org.opensimkit.SeqModSim [SeqModSim.java:240] Time: 2010-03-01T23:01:26.000
2011-01-23 13:19:17,085 INFO  [ComputeModel] org.opensimkit.SeqModSim [SeqModSim.java:240] Time: 2010-03-01T23:01:28.000
2011-01-23 13:19:17,285 INFO  [ComputeModel] org.opensimkit.SeqModSim [SeqModSim.java:240] Time: 2010-03-01T23:01:30.000
2011-01-23 13:19:17,485 INFO  [ComputeModel] org.opensimkit.SeqModSim [SeqModSim.java:240] Time: 2010-03-01T23:01:32.000
2011-01-23 13:19:17,685 INFO  [ComputeModel] org.opensimkit.SeqModSim [SeqModSim.java:240] Time: 2010-03-01T23:01:34.000
2011-01-23 13:19:17,885 INFO  [ComputeModel] org.opensimkit.SeqModSim [SeqModSim.java:240] Time: 2010-03-01T23:01:36.000
2011-01-23 13:19:18,085 INFO  [ComputeModel] org.opensimkit.SeqModSim [SeqModSim.java:240] Time: 2010-03-01T23:01:38.000
2011-01-23 13:19:18,285 INFO  [ComputeModel] org.opensimkit.SeqModSim [SeqModSim.java:240] Time: 2010-03-01T23:01:40.000
2011-01-23 13:19:18,485 INFO  [ComputeModel] org.opensimkit.SeqModSim [SeqModSim.java:240] Time: 2010-03-01T23:01:42.000
2011-01-23 13:19:18,686 INFO  [ComputeModel] org.opensimkit.SeqModSim [SeqModSim.java:240] Time: 2010-03-01T23:01:44.000
2011-01-23 13:19:18,890 INFO  [ComputeModel] org.opensimkit.SeqModSim [SeqModSim.java:240] Time: 2010-03-01T23:01:46.000
2011-01-23 13:19:19,085 INFO  [ComputeModel] org.opensimkit.SeqModSim [SeqModSim.java:240] Time: 2010-03-01T23:01:48.000
2011-01-23 13:19:19,284 INFO  [ComputeModel] org.opensimkit.SeqModSim [SeqModSim.java:240] Time: 2010-03-01T23:01:50.000
2011-01-23 13:19:19,485 INFO  [ComputeModel] org.opensimkit.SeqModSim [SeqModSim.java:240] Time: 2010-03-01T23:01:52.000
2011-01-23 13:19:19,685 INFO  [ComputeModel] org.opensimkit.SeqModSim [SeqModSim.java:240] Time: 2010-03-01T23:01:54.000
2011-01-23 13:19:19,886 INFO  [ComputeModel] org.opensimkit.SeqModSim [SeqModSim.java:240] Time: 2010-03-01T23:01:56.000
2011-01-23 13:19:20,086 INFO  [ComputeModel] org.opensimkit.SeqModSim [SeqModSim.java:240] Time: 2010-03-01T23:01:58.000
2011-01-23 13:19:20,286 INFO  [ComputeModel] org.opensimkit.SeqModSim [SeqModSim.java:240] Time: 2010-03-01T23:02:00.000
2011-01-23 13:19:20,486 INFO  [ComputeModel] org.opensimkit.SeqModSim [SeqModSim.java:240] Time: 2010-03-01T23:02:02.000
2011-01-23 13:19:20,685 INFO  [ComputeModel] org.opensimkit.SeqModSim [SeqModSim.java:240] Time: 2010-03-01T23:02:04.000
2011-01-23 13:19:20,886 INFO  [ComputeModel] org.opensimkit.SeqModSim [SeqModSim.java:240] Time: 2010-03-01T23:02:06.000
2011-01-23 13:19:21,086 INFO  [ComputeModel] org.opensimkit.SeqModSim [SeqModSim.java:240] Time: 2010-03-01T23:02:08.000
2011-01-23 13:19:21,285 INFO  [ComputeModel] org.opensimkit.SeqModSim [SeqModSim.java:240] Time: 2010-03-01T23:02:10.000
2011-01-23 13:19:21,486 INFO  [ComputeModel] org.opensimkit.SeqModSim [SeqModSim.java:240] Time: 2010-03-01T23:02:12.000
2011-01-23 13:19:21,686 INFO  [ComputeModel] org.opensimkit.SeqModSim [SeqModSim.java:240] Time: 2010-03-01T23:02:14.000
2011-01-23 13:19:21,886 INFO  [ComputeModel] org.opensimkit.SeqModSim [SeqModSim.java:240] Time: 2010-03-01T23:02:16.000
2011-01-23 13:19:22,086 INFO  [ComputeModel] org.opensimkit.SeqModSim [SeqModSim.java:240] Time: 2010-03-01T23:02:18.000
2011-01-23 13:19:22,286 INFO  [ComputeModel] org.opensimkit.SeqModSim [SeqModSim.java:240] Time: 2010-03-01T23:02:20.000
2011-01-23 13:19:22,486 INFO  [ComputeModel] org.opensimkit.SeqModSim [SeqModSim.java:240] Time: 2010-03-01T23:02:22.000
2011-01-23 13:19:22,686 INFO  [ComputeModel] org.opensimkit.SeqModSim [SeqModSim.java:240] Time: 2010-03-01T23:02:24.000
2011-01-23 13:19:22,886 INFO  [ComputeModel] org.opensimkit.SeqModSim [SeqModSim.java:240] Time: 2010-03-01T23:02:26.000
2011-01-23 13:19:23,085 INFO  [ComputeModel] org.opensimkit.SeqModSim [SeqModSim.java:240] Time: 2010-03-01T23:02:28.000
2011-01-23 13:19:23,286 INFO  [ComputeModel] org.opensimkit.SeqModSim [SeqModSim.java:240] Time: 2010-03-01T23:02:30.000
2011-01-23 13:19:23,485 INFO  [ComputeModel] org.opensimkit.SeqModSim [SeqModSim.java:240] Time: 2010-03-01T23:02:32.000
2011-01-23 13:19:23,686 INFO  [ComputeModel] org.opensimkit.SeqModSim [SeqModSim.java:240] Time: 2010-03-01T23:02:34.000
2011-01-23 13:19:23,851 INFO  [Thread-1] org.opensimkit.SimVisThread [SimVisThread.java:130] Closing socket, SimVisThread
2011-01-23 13:19:23,852 INFO  [Thread-1] org.opensimkit.SimVisThread [SimVisThread.java:148] SimVisThread terminating
2011-01-23 13:19:23,886 INFO  [ComputeModel] org.opensimkit.SeqModSim [SeqModSim.java:240] Time: 2010-03-01T23:02:36.000
2011-01-23 13:19:24,086 INFO  [ComputeModel] org.opensimkit.SeqModSim [SeqModSim.java:240] Time: 2010-03-01T23:02:38.000
2011-01-23 13:19:24,286 INFO  [ComputeModel] org.opensimkit.SeqModSim [SeqModSim.java:240] Time: 2010-03-01T23:02:40.000
2011-01-23 13:19:24,487 INFO  [ComputeModel] org.opensimkit.SeqModSim [SeqModSim.java:240] Time: 2010-03-01T23:02:42.000
2011-01-23 13:19:24,686 INFO  [ComputeModel] org.opensimkit.SeqModSim [SeqModSim.java:240] Time: 2010-03-01T23:02:44.000
2011-01-23 13:19:24,887 INFO  [ComputeModel] org.opensimkit.SeqModSim [SeqModSim.java:240] Time: 2010-03-01T23:02:46.000
2011-01-23 13:19:25,087 INFO  [ComputeModel] org.opensimkit.SeqModSim [SeqModSim.java:240] Time: 2010-03-01T23:02:48.000
2011-01-23 13:19:25,287 INFO  [ComputeModel] org.opensimkit.SeqModSim [SeqModSim.java:240] Time: 2010-03-01T23:02:50.000
2011-01-23 13:19:25,487 INFO  [ComputeModel] org.opensimkit.SeqModSim [SeqModSim.java:240] Time: 2010-03-01T23:02:52.000
2011-01-23 13:19:25,686 INFO  [ComputeModel] org.opensimkit.SeqModSim [SeqModSim.java:240] Time: 2010-03-01T23:02:54.000
2011-01-23 13:19:25,886 INFO  [ComputeModel] org.opensimkit.SeqModSim [SeqModSim.java:240] Time: 2010-03-01T23:02:56.000
2011-01-23 13:19:26,086 INFO  [ComputeModel] org.opensimkit.SeqModSim [SeqModSim.java:240] Time: 2010-03-01T23:02:58.000
2011-01-23 13:19:26,286 INFO  [ComputeModel] org.opensimkit.SeqModSim [SeqModSim.java:240] Time: 2010-03-01T23:03:00.000
2011-01-23 13:19:26,486 INFO  [ComputeModel] org.opensimkit.SeqModSim [SeqModSim.java:240] Time: 2010-03-01T23:03:02.000
2011-01-23 13:19:26,685 INFO  [ComputeModel] org.opensimkit.SeqModSim [SeqModSim.java:240] Time: 2010-03-01T23:03:04.000
2011-01-23 13:19:26,887 INFO  [ComputeModel] org.opensimkit.SeqModSim [SeqModSim.java:240] Time: 2010-03-01T23:03:06.000
2011-01-23 13:19:27,087 INFO  [ComputeModel] org.opensimkit.SeqModSim [SeqModSim.java:240] Time: 2010-03-01T23:03:08.000
2011-01-23 13:19:27,288 INFO  [ComputeModel] org.opensimkit.SeqModSim [SeqModSim.java:240] Time: 2010-03-01T23:03:10.000
2011-01-23 13:19:27,487 INFO  [ComputeModel] org.opensimkit.SeqModSim [SeqModSim.java:240] Time: 2010-03-01T23:03:12.000
2011-01-23 13:19:27,687 INFO  [ComputeModel] org.opensimkit.SeqModSim [SeqModSim.java:240] Time: 2010-03-01T23:03:14.000
2011-01-23 13:19:27,886 INFO  [ComputeModel] org.opensimkit.SeqModSim [SeqModSim.java:240] Time: 2010-03-01T23:03:16.000
2011-01-23 13:19:28,087 INFO  [ComputeModel] org.opensimkit.SeqModSim [SeqModSim.java:240] Time: 2010-03-01T23:03:18.000
2011-01-23 13:19:28,286 INFO  [ComputeModel] org.opensimkit.SeqModSim [SeqModSim.java:240] Time: 2010-03-01T23:03:20.000
2011-01-23 13:19:28,487 INFO  [ComputeModel] org.opensimkit.SeqModSim [SeqModSim.java:240] Time: 2010-03-01T23:03:22.000
2011-01-23 13:19:28,686 INFO  [ComputeModel] org.opensimkit.SeqModSim [SeqModSim.java:240] Time: 2010-03-01T23:03:24.000
2011-01-23 13:19:28,887 INFO  [ComputeModel] org.opensimkit.SeqModSim [SeqModSim.java:240] Time: 2010-03-01T23:03:26.000
2011-01-23 13:19:29,087 INFO  [ComputeModel] org.opensimkit.SeqModSim [SeqModSim.java:240] Time: 2010-03-01T23:03:28.000
2011-01-23 13:19:29,287 INFO  [ComputeModel] org.opensimkit.SeqModSim [SeqModSim.java:240] Time: 2010-03-01T23:03:30.000
2011-01-23 13:19:29,488 INFO  [ComputeModel] org.opensimkit.SeqModSim [SeqModSim.java:240] Time: 2010-03-01T23:03:32.000
2011-01-23 13:19:29,687 INFO  [ComputeModel] org.opensimkit.SeqModSim [SeqModSim.java:240] Time: 2010-03-01T23:03:34.000
2011-01-23 13:19:29,886 INFO  [ComputeModel] org.opensimkit.SeqModSim [SeqModSim.java:240] Time: 2010-03-01T23:03:36.000
2011-01-23 13:19:30,087 INFO  [ComputeModel] org.opensimkit.SeqModSim [SeqModSim.java:240] Time: 2010-03-01T23:03:38.000
2011-01-23 13:19:30,286 INFO  [ComputeModel] org.opensimkit.SeqModSim [SeqModSim.java:240] Time: 2010-03-01T23:03:40.000
2011-01-23 13:19:30,487 INFO  [ComputeModel] org.opensimkit.SeqModSim [SeqModSim.java:240] Time: 2010-03-01T23:03:42.000
2011-01-23 13:19:30,688 INFO  [ComputeModel] org.opensimkit.SeqModSim [SeqModSim.java:240] Time: 2010-03-01T23:03:44.000
2011-01-23 13:19:30,888 INFO  [ComputeModel] org.opensimkit.SeqModSim [SeqModSim.java:240] Time: 2010-03-01T23:03:46.000
2011-01-23 13:19:31,087 INFO  [ComputeModel] org.opensimkit.SeqModSim [SeqModSim.java:240] Time: 2010-03-01T23:03:48.000
2011-01-23 13:19:31,287 INFO  [ComputeModel] org.opensimkit.SeqModSim [SeqModSim.java:240] Time: 2010-03-01T23:03:50.000
2011-01-23 13:19:31,487 INFO  [ComputeModel] org.opensimkit.SeqModSim [SeqModSim.java:240] Time: 2010-03-01T23:03:52.000
2011-01-23 13:19:31,688 INFO  [ComputeModel] org.opensimkit.SeqModSim [SeqModSim.java:240] Time: 2010-03-01T23:03:54.000
2011-01-23 13:19:31,886 INFO  [ComputeModel] org.opensimkit.SeqModSim [SeqModSim.java:240] Time: 2010-03-01T23:03:56.000
2011-01-23 13:19:32,087 INFO  [ComputeModel] org.opensimkit.SeqModSim [SeqModSim.java:240] Time: 2010-03-01T23:03:58.000
2011-01-23 13:19:32,287 INFO  [ComputeModel] org.opensimkit.SeqModSim [SeqModSim.java:240] Time: 2010-03-01T23:04:00.000
2011-01-23 13:19:32,488 INFO  [ComputeModel] org.opensimkit.SeqModSim [SeqModSim.java:240] Time: 2010-03-01T23:04:02.000
2011-01-23 13:19:32,688 INFO  [ComputeModel] org.opensimkit.SeqModSim [SeqModSim.java:240] Time: 2010-03-01T23:04:04.000
2011-01-23 13:19:32,887 INFO  [ComputeModel] org.opensimkit.SeqModSim [SeqModSim.java:240] Time: 2010-03-01T23:04:06.000
2011-01-23 13:19:33,087 INFO  [ComputeModel] org.opensimkit.SeqModSim [SeqModSim.java:240] Time: 2010-03-01T23:04:08.000
2011-01-23 13:19:33,289 INFO  [ComputeModel] org.opensimkit.SeqModSim [SeqModSim.java:240] Time: 2010-03-01T23:04:10.000
2011-01-23 13:19:33,489 INFO  [ComputeModel] org.opensimkit.SeqModSim [SeqModSim.java:240] Time: 2010-03-01T23:04:12.000
2011-01-23 13:19:33,689 INFO  [ComputeModel] org.opensimkit.SeqModSim [SeqModSim.java:240] Time: 2010-03-01T23:04:14.000
2011-01-23 13:19:33,892 INFO  [ComputeModel] org.opensimkit.SeqModSim [SeqModSim.java:240] Time: 2010-03-01T23:04:16.000
2011-01-23 13:19:34,090 INFO  [ComputeModel] org.opensimkit.SeqModSim [SeqModSim.java:240] Time: 2010-03-01T23:04:18.000
2011-01-23 13:19:34,289 INFO  [ComputeModel] org.opensimkit.SeqModSim [SeqModSim.java:240] Time: 2010-03-01T23:04:20.000
2011-01-23 13:19:34,490 INFO  [ComputeModel] org.opensimkit.SeqModSim [SeqModSim.java:240] Time: 2010-03-01T23:04:22.000
2011-01-23 13:19:34,689 INFO  [ComputeModel] org.opensimkit.SeqModSim [SeqModSim.java:240] Time: 2010-03-01T23:04:24.000
2011-01-23 13:19:34,891 INFO  [ComputeModel] org.opensimkit.SeqModSim [SeqModSim.java:240] Time: 2010-03-01T23:04:26.000
2011-01-23 13:19:35,092 INFO  [ComputeModel] org.opensimkit.SeqModSim [SeqModSim.java:240] Time: 2010-03-01T23:04:28.000
2011-01-23 13:19:35,291 INFO  [ComputeModel] org.opensimkit.SeqModSim [SeqModSim.java:240] Time: 2010-03-01T23:04:30.000
2011-01-23 13:19:35,491 INFO  [ComputeModel] org.opensimkit.SeqModSim [SeqModSim.java:240] Time: 2010-03-01T23:04:32.000
2011-01-23 13:19:35,690 INFO  [ComputeModel] org.opensimkit.SeqModSim [SeqModSim.java:240] Time: 2010-03-01T23:04:34.000
2011-01-23 13:19:35,892 INFO  [ComputeModel] org.opensimkit.SeqModSim [SeqModSim.java:240] Time: 2010-03-01T23:04:36.000
2011-01-23 13:19:36,092 INFO  [ComputeModel] org.opensimkit.SeqModSim [SeqModSim.java:240] Time: 2010-03-01T23:04:38.000
2011-01-23 13:19:36,294 INFO  [ComputeModel] org.opensimkit.SeqModSim [SeqModSim.java:240] Time: 2010-03-01T23:04:40.000
2011-01-23 13:19:36,492 INFO  [ComputeModel] org.opensimkit.SeqModSim [SeqModSim.java:240] Time: 2010-03-01T23:04:42.000
2011-01-23 13:19:36,691 INFO  [ComputeModel] org.opensimkit.SeqModSim [SeqModSim.java:240] Time: 2010-03-01T23:04:44.000
2011-01-23 13:19:36,891 INFO  [ComputeModel] org.opensimkit.SeqModSim [SeqModSim.java:240] Time: 2010-03-01T23:04:46.000
2011-01-23 13:19:37,091 INFO  [ComputeModel] org.opensimkit.SeqModSim [SeqModSim.java:240] Time: 2010-03-01T23:04:48.000
2011-01-23 13:19:37,291 INFO  [ComputeModel] org.opensimkit.SeqModSim [SeqModSim.java:240] Time: 2010-03-01T23:04:50.000
2011-01-23 13:19:37,491 INFO  [ComputeModel] org.opensimkit.SeqModSim [SeqModSim.java:240] Time: 2010-03-01T23:04:52.000
2011-01-23 13:19:37,691 INFO  [ComputeModel] org.opensimkit.SeqModSim [SeqModSim.java:240] Time: 2010-03-01T23:04:54.000
2011-01-23 13:19:37,891 INFO  [ComputeModel] org.opensimkit.SeqModSim [SeqModSim.java:240] Time: 2010-03-01T23:04:56.000
2011-01-23 13:19:38,092 INFO  [ComputeModel] org.opensimkit.SeqModSim [SeqModSim.java:240] Time: 2010-03-01T23:04:58.000
2011-01-23 13:19:38,293 INFO  [ComputeModel] org.opensimkit.SeqModSim [SeqModSim.java:240] Time: 2010-03-01T23:05:00.000
2011-01-23 13:19:38,493 INFO  [ComputeModel] org.opensimkit.SeqModSim [SeqModSim.java:240] Time: 2010-03-01T23:05:02.000
2011-01-23 13:19:38,694 INFO  [ComputeModel] org.opensimkit.SeqModSim [SeqModSim.java:240] Time: 2010-03-01T23:05:04.000
2011-01-23 13:19:38,893 INFO  [ComputeModel] org.opensimkit.SeqModSim [SeqModSim.java:240] Time: 2010-03-01T23:05:06.000
2011-01-23 13:19:39,095 INFO  [ComputeModel] org.opensimkit.SeqModSim [SeqModSim.java:240] Time: 2010-03-01T23:05:08.000
2011-01-23 13:19:39,295 INFO  [ComputeModel] org.opensimkit.SeqModSim [SeqModSim.java:240] Time: 2010-03-01T23:05:10.000
2011-01-23 13:19:39,495 INFO  [ComputeModel] org.opensimkit.SeqModSim [SeqModSim.java:240] Time: 2010-03-01T23:05:12.000
2011-01-23 13:19:39,695 INFO  [ComputeModel] org.opensimkit.SeqModSim [SeqModSim.java:240] Time: 2010-03-01T23:05:14.000
2011-01-23 13:19:39,897 INFO  [ComputeModel] org.opensimkit.SeqModSim [SeqModSim.java:240] Time: 2010-03-01T23:05:16.000
2011-01-23 13:19:40,096 INFO  [ComputeModel] org.opensimkit.SeqModSim [SeqModSim.java:240] Time: 2010-03-01T23:05:18.000
2011-01-23 13:19:40,295 INFO  [ComputeModel] org.opensimkit.SeqModSim [SeqModSim.java:240] Time: 2010-03-01T23:05:20.000
2011-01-23 13:19:40,494 INFO  [ComputeModel] org.opensimkit.SeqModSim [SeqModSim.java:240] Time: 2010-03-01T23:05:22.000
2011-01-23 13:19:40,695 INFO  [ComputeModel] org.opensimkit.SeqModSim [SeqModSim.java:240] Time: 2010-03-01T23:05:24.000
2011-01-23 13:19:40,895 INFO  [ComputeModel] org.opensimkit.SeqModSim [SeqModSim.java:240] Time: 2010-03-01T23:05:26.000
2011-01-23 13:19:41,095 INFO  [ComputeModel] org.opensimkit.SeqModSim [SeqModSim.java:240] Time: 2010-03-01T23:05:28.000
2011-01-23 13:19:41,294 INFO  [ComputeModel] org.opensimkit.SeqModSim [SeqModSim.java:240] Time: 2010-03-01T23:05:30.000
2011-01-23 13:19:41,496 INFO  [ComputeModel] org.opensimkit.SeqModSim [SeqModSim.java:240] Time: 2010-03-01T23:05:32.000
2011-01-23 13:19:41,697 INFO  [ComputeModel] org.opensimkit.SeqModSim [SeqModSim.java:240] Time: 2010-03-01T23:05:34.000
2011-01-23 13:19:41,894 INFO  [ComputeModel] org.opensimkit.SeqModSim [SeqModSim.java:240] Time: 2010-03-01T23:05:36.000
2011-01-23 13:19:42,095 INFO  [ComputeModel] org.opensimkit.SeqModSim [SeqModSim.java:240] Time: 2010-03-01T23:05:38.000
2011-01-23 13:19:42,294 INFO  [ComputeModel] org.opensimkit.SeqModSim [SeqModSim.java:240] Time: 2010-03-01T23:05:40.000
2011-01-23 13:19:42,495 INFO  [ComputeModel] org.opensimkit.SeqModSim [SeqModSim.java:240] Time: 2010-03-01T23:05:42.000
2011-01-23 13:19:42,695 INFO  [ComputeModel] org.opensimkit.SeqModSim [SeqModSim.java:240] Time: 2010-03-01T23:05:44.000
2011-01-23 13:19:42,896 INFO  [ComputeModel] org.opensimkit.SeqModSim [SeqModSim.java:240] Time: 2010-03-01T23:05:46.000
2011-01-23 13:19:43,095 INFO  [ComputeModel] org.opensimkit.SeqModSim [SeqModSim.java:240] Time: 2010-03-01T23:05:48.000
2011-01-23 13:19:43,295 INFO  [ComputeModel] org.opensimkit.SeqModSim [SeqModSim.java:240] Time: 2010-03-01T23:05:50.000
2011-01-23 13:19:43,494 INFO  [ComputeModel] org.opensimkit.SeqModSim [SeqModSim.java:240] Time: 2010-03-01T23:05:52.000
2011-01-23 13:19:43,695 INFO  [ComputeModel] org.opensimkit.SeqModSim [SeqModSim.java:240] Time: 2010-03-01T23:05:54.000
2011-01-23 13:19:43,896 INFO  [ComputeModel] org.opensimkit.SeqModSim [SeqModSim.java:240] Time: 2010-03-01T23:05:56.000
2011-01-23 13:19:44,102 INFO  [ComputeModel] org.opensimkit.SeqModSim [SeqModSim.java:240] Time: 2010-03-01T23:05:58.000
2011-01-23 13:19:44,296 INFO  [ComputeModel] org.opensimkit.SeqModSim [SeqModSim.java:240] Time: 2010-03-01T23:06:00.000
2011-01-23 13:19:44,495 INFO  [ComputeModel] org.opensimkit.SeqModSim [SeqModSim.java:240] Time: 2010-03-01T23:06:02.000
2011-01-23 13:19:44,695 INFO  [ComputeModel] org.opensimkit.SeqModSim [SeqModSim.java:240] Time: 2010-03-01T23:06:04.000
2011-01-23 13:19:44,898 INFO  [ComputeModel] org.opensimkit.SeqModSim [SeqModSim.java:240] Time: 2010-03-01T23:06:06.000
2011-01-23 13:19:45,097 INFO  [ComputeModel] org.opensimkit.SeqModSim [SeqModSim.java:240] Time: 2010-03-01T23:06:08.000
2011-01-23 13:19:45,297 INFO  [ComputeModel] org.opensimkit.SeqModSim [SeqModSim.java:240] Time: 2010-03-01T23:06:10.000
2011-01-23 13:19:45,497 INFO  [ComputeModel] org.opensimkit.SeqModSim [SeqModSim.java:240] Time: 2010-03-01T23:06:12.000
2011-01-23 13:19:45,698 INFO  [ComputeModel] org.opensimkit.SeqModSim [SeqModSim.java:240] Time: 2010-03-01T23:06:14.000
2011-01-23 13:19:45,897 INFO  [ComputeModel] org.opensimkit.SeqModSim [SeqModSim.java:240] Time: 2010-03-01T23:06:16.000
2011-01-23 13:19:46,098 INFO  [ComputeModel] org.opensimkit.SeqModSim [SeqModSim.java:240] Time: 2010-03-01T23:06:18.000
2011-01-23 13:19:46,300 INFO  [ComputeModel] org.opensimkit.SeqModSim [SeqModSim.java:240] Time: 2010-03-01T23:06:20.000
2011-01-23 13:19:46,501 INFO  [ComputeModel] org.opensimkit.SeqModSim [SeqModSim.java:240] Time: 2010-03-01T23:06:22.000
2011-01-23 13:19:46,699 INFO  [ComputeModel] org.opensimkit.SeqModSim [SeqModSim.java:240] Time: 2010-03-01T23:06:24.000
2011-01-23 13:19:46,903 INFO  [ComputeModel] org.opensimkit.SeqModSim [SeqModSim.java:240] Time: 2010-03-01T23:06:26.000
2011-01-23 13:19:47,103 INFO  [ComputeModel] org.opensimkit.SeqModSim [SeqModSim.java:240] Time: 2010-03-01T23:06:28.000
2011-01-23 13:19:47,303 INFO  [ComputeModel] org.opensimkit.SeqModSim [SeqModSim.java:240] Time: 2010-03-01T23:06:30.000
2011-01-23 13:19:47,503 INFO  [ComputeModel] org.opensimkit.SeqModSim [SeqModSim.java:240] Time: 2010-03-01T23:06:32.000
2011-01-23 13:19:47,705 INFO  [ComputeModel] org.opensimkit.SeqModSim [SeqModSim.java:240] Time: 2010-03-01T23:06:34.000
2011-01-23 13:19:47,904 INFO  [ComputeModel] org.opensimkit.SeqModSim [SeqModSim.java:240] Time: 2010-03-01T23:06:36.000
2011-01-23 13:19:48,106 INFO  [ComputeModel] org.opensimkit.SeqModSim [SeqModSim.java:240] Time: 2010-03-01T23:06:38.000
2011-01-23 13:19:48,305 INFO  [ComputeModel] org.opensimkit.SeqModSim [SeqModSim.java:240] Time: 2010-03-01T23:06:40.000
2011-01-23 13:19:48,506 INFO  [ComputeModel] org.opensimkit.SeqModSim [SeqModSim.java:240] Time: 2010-03-01T23:06:42.000
2011-01-23 13:19:48,705 INFO  [ComputeModel] org.opensimkit.SeqModSim [SeqModSim.java:240] Time: 2010-03-01T23:06:44.000
2011-01-23 13:19:48,906 INFO  [ComputeModel] org.opensimkit.SeqModSim [SeqModSim.java:240] Time: 2010-03-01T23:06:46.000
2011-01-23 13:19:49,104 INFO  [ComputeModel] org.opensimkit.SeqModSim [SeqModSim.java:240] Time: 2010-03-01T23:06:48.000
2011-01-23 13:19:49,306 INFO  [ComputeModel] org.opensimkit.SeqModSim [SeqModSim.java:240] Time: 2010-03-01T23:06:50.000
2011-01-23 13:19:49,504 INFO  [ComputeModel] org.opensimkit.SeqModSim [SeqModSim.java:240] Time: 2010-03-01T23:06:52.000
2011-01-23 13:19:49,706 INFO  [ComputeModel] org.opensimkit.SeqModSim [SeqModSim.java:240] Time: 2010-03-01T23:06:54.000
2011-01-23 13:19:49,905 INFO  [ComputeModel] org.opensimkit.SeqModSim [SeqModSim.java:240] Time: 2010-03-01T23:06:56.000
2011-01-23 13:19:50,104 INFO  [ComputeModel] org.opensimkit.SeqModSim [SeqModSim.java:240] Time: 2010-03-01T23:06:58.000
2011-01-23 13:19:50,305 INFO  [ComputeModel] org.opensimkit.SeqModSim [SeqModSim.java:240] Time: 2010-03-01T23:07:00.000
2011-01-23 13:19:50,505 INFO  [ComputeModel] org.opensimkit.SeqModSim [SeqModSim.java:240] Time: 2010-03-01T23:07:02.000
2011-01-23 13:19:50,704 INFO  [ComputeModel] org.opensimkit.SeqModSim [SeqModSim.java:240] Time: 2010-03-01T23:07:04.000
2011-01-23 13:19:50,905 INFO  [ComputeModel] org.opensimkit.SeqModSim [SeqModSim.java:240] Time: 2010-03-01T23:07:06.000
2011-01-23 13:19:51,104 INFO  [ComputeModel] org.opensimkit.SeqModSim [SeqModSim.java:240] Time: 2010-03-01T23:07:08.000
2011-01-23 13:19:51,305 INFO  [ComputeModel] org.opensimkit.SeqModSim [SeqModSim.java:240] Time: 2010-03-01T23:07:10.000
2011-01-23 13:19:51,504 INFO  [ComputeModel] org.opensimkit.SeqModSim [SeqModSim.java:240] Time: 2010-03-01T23:07:12.000
2011-01-23 13:19:51,705 INFO  [ComputeModel] org.opensimkit.SeqModSim [SeqModSim.java:240] Time: 2010-03-01T23:07:14.000
2011-01-23 13:19:51,905 INFO  [ComputeModel] org.opensimkit.SeqModSim [SeqModSim.java:240] Time: 2010-03-01T23:07:16.000
2011-01-23 13:19:52,107 INFO  [ComputeModel] org.opensimkit.SeqModSim [SeqModSim.java:240] Time: 2010-03-01T23:07:18.000
2011-01-23 13:19:52,307 INFO  [ComputeModel] org.opensimkit.SeqModSim [SeqModSim.java:240] Time: 2010-03-01T23:07:20.000
2011-01-23 13:19:52,507 INFO  [ComputeModel] org.opensimkit.SeqModSim [SeqModSim.java:240] Time: 2010-03-01T23:07:22.000
2011-01-23 13:19:52,706 INFO  [ComputeModel] org.opensimkit.SeqModSim [SeqModSim.java:240] Time: 2010-03-01T23:07:24.000
2011-01-23 13:19:52,907 INFO  [ComputeModel] org.opensimkit.SeqModSim [SeqModSim.java:240] Time: 2010-03-01T23:07:26.000
2011-01-23 13:19:53,107 INFO  [ComputeModel] org.opensimkit.SeqModSim [SeqModSim.java:240] Time: 2010-03-01T23:07:28.000
2011-01-23 13:19:53,307 INFO  [ComputeModel] org.opensimkit.SeqModSim [SeqModSim.java:240] Time: 2010-03-01T23:07:30.000
2011-01-23 13:19:53,506 INFO  [ComputeModel] org.opensimkit.SeqModSim [SeqModSim.java:240] Time: 2010-03-01T23:07:32.000
2011-01-23 13:19:53,707 INFO  [ComputeModel] org.opensimkit.SeqModSim [SeqModSim.java:240] Time: 2010-03-01T23:07:34.000
2011-01-23 13:19:53,907 INFO  [ComputeModel] org.opensimkit.SeqModSim [SeqModSim.java:240] Time: 2010-03-01T23:07:36.000
2011-01-23 13:19:54,107 INFO  [ComputeModel] org.opensimkit.SeqModSim [SeqModSim.java:240] Time: 2010-03-01T23:07:38.000
2011-01-23 13:19:54,307 INFO  [ComputeModel] org.opensimkit.SeqModSim [SeqModSim.java:240] Time: 2010-03-01T23:07:40.000
2011-01-23 13:19:54,507 INFO  [ComputeModel] org.opensimkit.SeqModSim [SeqModSim.java:240] Time: 2010-03-01T23:07:42.000
2011-01-23 13:19:54,707 INFO  [ComputeModel] org.opensimkit.SeqModSim [SeqModSim.java:240] Time: 2010-03-01T23:07:44.000
2011-01-23 13:19:54,908 INFO  [ComputeModel] org.opensimkit.SeqModSim [SeqModSim.java:240] Time: 2010-03-01T23:07:46.000
2011-01-23 13:19:55,108 INFO  [ComputeModel] org.opensimkit.SeqModSim [SeqModSim.java:240] Time: 2010-03-01T23:07:48.000
2011-01-23 13:19:55,307 INFO  [ComputeModel] org.opensimkit.SeqModSim [SeqModSim.java:240] Time: 2010-03-01T23:07:50.000
2011-01-23 13:19:55,508 INFO  [ComputeModel] org.opensimkit.SeqModSim [SeqModSim.java:240] Time: 2010-03-01T23:07:52.000
2011-01-23 13:19:55,709 INFO  [ComputeModel] org.opensimkit.SeqModSim [SeqModSim.java:240] Time: 2010-03-01T23:07:54.000
2011-01-23 13:19:55,909 INFO  [ComputeModel] org.opensimkit.SeqModSim [SeqModSim.java:240] Time: 2010-03-01T23:07:56.000
2011-01-23 13:19:56,110 INFO  [ComputeModel] org.opensimkit.SeqModSim [SeqModSim.java:240] Time: 2010-03-01T23:07:58.000
2011-01-23 13:19:56,310 INFO  [ComputeModel] org.opensimkit.SeqModSim [SeqModSim.java:240] Time: 2010-03-01T23:08:00.000
2011-01-23 13:19:56,510 INFO  [ComputeModel] org.opensimkit.SeqModSim [SeqModSim.java:240] Time: 2010-03-01T23:08:02.000
2011-01-23 13:19:56,709 INFO  [ComputeModel] org.opensimkit.SeqModSim [SeqModSim.java:240] Time: 2010-03-01T23:08:04.000
2011-01-23 13:19:56,910 INFO  [ComputeModel] org.opensimkit.SeqModSim [SeqModSim.java:240] Time: 2010-03-01T23:08:06.000
2011-01-23 13:19:57,110 INFO  [ComputeModel] org.opensimkit.SeqModSim [SeqModSim.java:240] Time: 2010-03-01T23:08:08.000
2011-01-23 13:19:57,311 INFO  [ComputeModel] org.opensimkit.SeqModSim [SeqModSim.java:240] Time: 2010-03-01T23:08:10.000
2011-01-23 13:19:57,512 INFO  [ComputeModel] org.opensimkit.SeqModSim [SeqModSim.java:240] Time: 2010-03-01T23:08:12.000
2011-01-23 13:19:57,711 INFO  [ComputeModel] org.opensimkit.SeqModSim [SeqModSim.java:240] Time: 2010-03-01T23:08:14.000
2011-01-23 13:19:57,912 INFO  [ComputeModel] org.opensimkit.SeqModSim [SeqModSim.java:240] Time: 2010-03-01T23:08:16.000
2011-01-23 13:19:58,112 INFO  [ComputeModel] org.opensimkit.SeqModSim [SeqModSim.java:240] Time: 2010-03-01T23:08:18.000
2011-01-23 13:19:58,312 INFO  [ComputeModel] org.opensimkit.SeqModSim [SeqModSim.java:240] Time: 2010-03-01T23:08:20.000
2011-01-23 13:19:58,512 INFO  [ComputeModel] org.opensimkit.SeqModSim [SeqModSim.java:240] Time: 2010-03-01T23:08:22.000
2011-01-23 13:19:58,712 INFO  [ComputeModel] org.opensimkit.SeqModSim [SeqModSim.java:240] Time: 2010-03-01T23:08:24.000
2011-01-23 13:19:58,912 INFO  [ComputeModel] org.opensimkit.SeqModSim [SeqModSim.java:240] Time: 2010-03-01T23:08:26.000
2011-01-23 13:19:59,112 INFO  [ComputeModel] org.opensimkit.SeqModSim [SeqModSim.java:240] Time: 2010-03-01T23:08:28.000
2011-01-23 13:19:59,312 INFO  [ComputeModel] org.opensimkit.SeqModSim [SeqModSim.java:240] Time: 2010-03-01T23:08:30.000
2011-01-23 13:19:59,512 INFO  [ComputeModel] org.opensimkit.SeqModSim [SeqModSim.java:240] Time: 2010-03-01T23:08:32.000
2011-01-23 13:19:59,712 INFO  [ComputeModel] org.opensimkit.SeqModSim [SeqModSim.java:240] Time: 2010-03-01T23:08:34.000
2011-01-23 13:19:59,912 INFO  [ComputeModel] org.opensimkit.SeqModSim [SeqModSim.java:240] Time: 2010-03-01T23:08:36.000
2011-01-23 13:20:00,112 INFO  [ComputeModel] org.opensimkit.SeqModSim [SeqModSim.java:240] Time: 2010-03-01T23:08:38.000
2011-01-23 13:20:00,312 INFO  [ComputeModel] org.opensimkit.SeqModSim [SeqModSim.java:240] Time: 2010-03-01T23:08:40.000
2011-01-23 13:20:00,512 INFO  [ComputeModel] org.opensimkit.SeqModSim [SeqModSim.java:240] Time: 2010-03-01T23:08:42.000
2011-01-23 13:20:00,711 INFO  [ComputeModel] org.opensimkit.SeqModSim [SeqModSim.java:240] Time: 2010-03-01T23:08:44.000
2011-01-23 13:20:00,912 INFO  [ComputeModel] org.opensimkit.SeqModSim [SeqModSim.java:240] Time: 2010-03-01T23:08:46.000
2011-01-23 13:20:01,111 INFO  [ComputeModel] org.opensimkit.SeqModSim [SeqModSim.java:240] Time: 2010-03-01T23:08:48.000
2011-01-23 13:20:01,312 INFO  [ComputeModel] org.opensimkit.SeqModSim [SeqModSim.java:240] Time: 2010-03-01T23:08:50.000
2011-01-23 13:20:01,512 INFO  [ComputeModel] org.opensimkit.SeqModSim [SeqModSim.java:240] Time: 2010-03-01T23:08:52.000
2011-01-23 13:20:01,711 INFO  [ComputeModel] org.opensimkit.SeqModSim [SeqModSim.java:240] Time: 2010-03-01T23:08:54.000
2011-01-23 13:20:01,912 INFO  [ComputeModel] org.opensimkit.SeqModSim [SeqModSim.java:240] Time: 2010-03-01T23:08:56.000
2011-01-23 13:20:02,112 INFO  [ComputeModel] org.opensimkit.SeqModSim [SeqModSim.java:240] Time: 2010-03-01T23:08:58.000
2011-01-23 13:20:02,311 INFO  [ComputeModel] org.opensimkit.SeqModSim [SeqModSim.java:240] Time: 2010-03-01T23:09:00.000
2011-01-23 13:20:02,512 INFO  [ComputeModel] org.opensimkit.SeqModSim [SeqModSim.java:240] Time: 2010-03-01T23:09:02.000
2011-01-23 13:20:02,711 INFO  [ComputeModel] org.opensimkit.SeqModSim [SeqModSim.java:240] Time: 2010-03-01T23:09:04.000
2011-01-23 13:20:02,912 INFO  [ComputeModel] org.opensimkit.SeqModSim [SeqModSim.java:240] Time: 2010-03-01T23:09:06.000
2011-01-23 13:20:03,111 INFO  [ComputeModel] org.opensimkit.SeqModSim [SeqModSim.java:240] Time: 2010-03-01T23:09:08.000
2011-01-23 13:20:03,311 INFO  [ComputeModel] org.opensimkit.SeqModSim [SeqModSim.java:240] Time: 2010-03-01T23:09:10.000
2011-01-23 13:20:03,512 INFO  [ComputeModel] org.opensimkit.SeqModSim [SeqModSim.java:240] Time: 2010-03-01T23:09:12.000
2011-01-23 13:20:03,714 INFO  [ComputeModel] org.opensimkit.SeqModSim [SeqModSim.java:240] Time: 2010-03-01T23:09:14.000
2011-01-23 13:20:03,912 INFO  [ComputeModel] org.opensimkit.SeqModSim [SeqModSim.java:240] Time: 2010-03-01T23:09:16.000
2011-01-23 13:20:04,112 INFO  [ComputeModel] org.opensimkit.SeqModSim [SeqModSim.java:240] Time: 2010-03-01T23:09:18.000
2011-01-23 13:20:04,311 INFO  [ComputeModel] org.opensimkit.SeqModSim [SeqModSim.java:240] Time: 2010-03-01T23:09:20.000
2011-01-23 13:20:04,512 INFO  [ComputeModel] org.opensimkit.SeqModSim [SeqModSim.java:240] Time: 2010-03-01T23:09:22.000
2011-01-23 13:20:04,711 INFO  [ComputeModel] org.opensimkit.SeqModSim [SeqModSim.java:240] Time: 2010-03-01T23:09:24.000
2011-01-23 13:20:04,912 INFO  [ComputeModel] org.opensimkit.SeqModSim [SeqModSim.java:240] Time: 2010-03-01T23:09:26.000
2011-01-23 13:20:05,112 INFO  [ComputeModel] org.opensimkit.SeqModSim [SeqModSim.java:240] Time: 2010-03-01T23:09:28.000
2011-01-23 13:20:05,311 INFO  [ComputeModel] org.opensimkit.SeqModSim [SeqModSim.java:240] Time: 2010-03-01T23:09:30.000
2011-01-23 13:20:05,513 INFO  [ComputeModel] org.opensimkit.SeqModSim [SeqModSim.java:240] Time: 2010-03-01T23:09:32.000
2011-01-23 13:20:05,713 INFO  [ComputeModel] org.opensimkit.SeqModSim [SeqModSim.java:240] Time: 2010-03-01T23:09:34.000
2011-01-23 13:20:05,912 INFO  [ComputeModel] org.opensimkit.SeqModSim [SeqModSim.java:240] Time: 2010-03-01T23:09:36.000
2011-01-23 13:20:06,115 INFO  [ComputeModel] org.opensimkit.SeqModSim [SeqModSim.java:240] Time: 2010-03-01T23:09:38.000
2011-01-23 13:20:06,313 INFO  [ComputeModel] org.opensimkit.SeqModSim [SeqModSim.java:240] Time: 2010-03-01T23:09:40.000
2011-01-23 13:20:06,513 INFO  [ComputeModel] org.opensimkit.SeqModSim [SeqModSim.java:240] Time: 2010-03-01T23:09:42.000
2011-01-23 13:20:06,713 INFO  [ComputeModel] org.opensimkit.SeqModSim [SeqModSim.java:240] Time: 2010-03-01T23:09:44.000
2011-01-23 13:20:06,913 INFO  [ComputeModel] org.opensimkit.SeqModSim [SeqModSim.java:240] Time: 2010-03-01T23:09:46.000
2011-01-23 13:20:07,114 INFO  [ComputeModel] org.opensimkit.SeqModSim [SeqModSim.java:240] Time: 2010-03-01T23:09:48.000
2011-01-23 13:20:07,315 INFO  [ComputeModel] org.opensimkit.SeqModSim [SeqModSim.java:240] Time: 2010-03-01T23:09:50.000
2011-01-23 13:20:07,514 INFO  [ComputeModel] org.opensimkit.SeqModSim [SeqModSim.java:240] Time: 2010-03-01T23:09:52.000
2011-01-23 13:20:07,715 INFO  [ComputeModel] org.opensimkit.SeqModSim [SeqModSim.java:240] Time: 2010-03-01T23:09:54.000
2011-01-23 13:20:07,916 INFO  [ComputeModel] org.opensimkit.SeqModSim [SeqModSim.java:240] Time: 2010-03-01T23:09:56.000
2011-01-23 13:20:08,116 INFO  [ComputeModel] org.opensimkit.SeqModSim [SeqModSim.java:240] Time: 2010-03-01T23:09:58.000
2011-01-23 13:20:08,316 INFO  [ComputeModel] org.opensimkit.SeqModSim [SeqModSim.java:240] Time: 2010-03-01T23:10:00.000
2011-01-23 13:20:08,517 INFO  [ComputeModel] org.opensimkit.SeqModSim [SeqModSim.java:240] Time: 2010-03-01T23:10:02.000
2011-01-23 13:20:08,717 INFO  [ComputeModel] org.opensimkit.SeqModSim [SeqModSim.java:240] Time: 2010-03-01T23:10:04.000
2011-01-23 13:20:08,918 INFO  [ComputeModel] org.opensimkit.SeqModSim [SeqModSim.java:240] Time: 2010-03-01T23:10:06.000
2011-01-23 13:20:09,118 INFO  [ComputeModel] org.opensimkit.SeqModSim [SeqModSim.java:240] Time: 2010-03-01T23:10:08.000
2011-01-23 13:20:09,320 INFO  [ComputeModel] org.opensimkit.SeqModSim [SeqModSim.java:240] Time: 2010-03-01T23:10:10.000
2011-01-23 13:20:09,519 INFO  [ComputeModel] org.opensimkit.SeqModSim [SeqModSim.java:240] Time: 2010-03-01T23:10:12.000
2011-01-23 13:20:09,720 INFO  [ComputeModel] org.opensimkit.SeqModSim [SeqModSim.java:240] Time: 2010-03-01T23:10:14.000
2011-01-23 13:20:09,921 INFO  [ComputeModel] org.opensimkit.SeqModSim [SeqModSim.java:240] Time: 2010-03-01T23:10:16.000
2011-01-23 13:20:10,122 INFO  [ComputeModel] org.opensimkit.SeqModSim [SeqModSim.java:240] Time: 2010-03-01T23:10:18.000
2011-01-23 13:20:10,322 INFO  [ComputeModel] org.opensimkit.SeqModSim [SeqModSim.java:240] Time: 2010-03-01T23:10:20.000
2011-01-23 13:20:10,522 INFO  [ComputeModel] org.opensimkit.SeqModSim [SeqModSim.java:240] Time: 2010-03-01T23:10:22.000
2011-01-23 13:20:10,722 INFO  [ComputeModel] org.opensimkit.SeqModSim [SeqModSim.java:240] Time: 2010-03-01T23:10:24.000
2011-01-23 13:20:10,922 INFO  [ComputeModel] org.opensimkit.SeqModSim [SeqModSim.java:240] Time: 2010-03-01T23:10:26.000
2011-01-23 13:20:11,123 INFO  [ComputeModel] org.opensimkit.SeqModSim [SeqModSim.java:240] Time: 2010-03-01T23:10:28.000
2011-01-23 13:20:11,322 INFO  [ComputeModel] org.opensimkit.SeqModSim [SeqModSim.java:240] Time: 2010-03-01T23:10:30.000
2011-01-23 13:20:11,523 INFO  [ComputeModel] org.opensimkit.SeqModSim [SeqModSim.java:240] Time: 2010-03-01T23:10:32.000
2011-01-23 13:20:11,723 INFO  [ComputeModel] org.opensimkit.SeqModSim [SeqModSim.java:240] Time: 2010-03-01T23:10:34.000
2011-01-23 13:20:11,923 INFO  [ComputeModel] org.opensimkit.SeqModSim [SeqModSim.java:240] Time: 2010-03-01T23:10:36.000
2011-01-23 13:20:12,124 INFO  [ComputeModel] org.opensimkit.SeqModSim [SeqModSim.java:240] Time: 2010-03-01T23:10:38.000
2011-01-23 13:20:12,323 INFO  [ComputeModel] org.opensimkit.SeqModSim [SeqModSim.java:240] Time: 2010-03-01T23:10:40.000
2011-01-23 13:20:12,524 INFO  [ComputeModel] org.opensimkit.SeqModSim [SeqModSim.java:240] Time: 2010-03-01T23:10:42.000
2011-01-23 13:20:12,723 INFO  [ComputeModel] org.opensimkit.SeqModSim [SeqModSim.java:240] Time: 2010-03-01T23:10:44.000
2011-01-23 13:20:12,923 INFO  [ComputeModel] org.opensimkit.SeqModSim [SeqModSim.java:240] Time: 2010-03-01T23:10:46.000
2011-01-23 13:20:13,123 INFO  [ComputeModel] org.opensimkit.SeqModSim [SeqModSim.java:240] Time: 2010-03-01T23:10:48.000
2011-01-23 13:20:13,324 INFO  [ComputeModel] org.opensimkit.SeqModSim [SeqModSim.java:240] Time: 2010-03-01T23:10:50.000
2011-01-23 13:20:13,524 INFO  [ComputeModel] org.opensimkit.SeqModSim [SeqModSim.java:240] Time: 2010-03-01T23:10:52.000
2011-01-23 13:20:13,724 INFO  [ComputeModel] org.opensimkit.SeqModSim [SeqModSim.java:240] Time: 2010-03-01T23:10:54.000
2011-01-23 13:20:13,925 INFO  [ComputeModel] org.opensimkit.SeqModSim [SeqModSim.java:240] Time: 2010-03-01T23:10:56.000
2011-01-23 13:20:14,125 INFO  [ComputeModel] org.opensimkit.SeqModSim [SeqModSim.java:240] Time: 2010-03-01T23:10:58.000
2011-01-23 13:20:14,325 INFO  [ComputeModel] org.opensimkit.SeqModSim [SeqModSim.java:240] Time: 2010-03-01T23:11:00.000
2011-01-23 13:20:14,526 INFO  [ComputeModel] org.opensimkit.SeqModSim [SeqModSim.java:240] Time: 2010-03-01T23:11:02.000
2011-01-23 13:20:14,725 INFO  [ComputeModel] org.opensimkit.SeqModSim [SeqModSim.java:240] Time: 2010-03-01T23:11:04.000
2011-01-23 13:20:14,926 INFO  [ComputeModel] org.opensimkit.SeqModSim [SeqModSim.java:240] Time: 2010-03-01T23:11:06.000
2011-01-23 13:20:15,126 INFO  [ComputeModel] org.opensimkit.SeqModSim [SeqModSim.java:240] Time: 2010-03-01T23:11:08.000
2011-01-23 13:20:15,327 INFO  [ComputeModel] org.opensimkit.SeqModSim [SeqModSim.java:240] Time: 2010-03-01T23:11:10.000
2011-01-23 13:20:15,526 INFO  [ComputeModel] org.opensimkit.SeqModSim [SeqModSim.java:240] Time: 2010-03-01T23:11:12.000
2011-01-23 13:20:15,726 INFO  [ComputeModel] org.opensimkit.SeqModSim [SeqModSim.java:240] Time: 2010-03-01T23:11:14.000
2011-01-23 13:20:15,926 INFO  [ComputeModel] org.opensimkit.SeqModSim [SeqModSim.java:240] Time: 2010-03-01T23:11:16.000
2011-01-23 13:20:16,125 INFO  [ComputeModel] org.opensimkit.SeqModSim [SeqModSim.java:240] Time: 2010-03-01T23:11:18.000
2011-01-23 13:20:16,326 INFO  [ComputeModel] org.opensimkit.SeqModSim [SeqModSim.java:240] Time: 2010-03-01T23:11:20.000
2011-01-23 13:20:16,435 ERROR [CommandThread] org.opensimkit.SimCmdThread [SimCmdThread.java:130] Simulator lost cmd/ctrl connection ...terminating...
2011-01-23 13:20:16,526 INFO  [ComputeModel] org.opensimkit.SeqModSim [SeqModSim.java:240] Time: 2010-03-01T23:11:22.000
2011-01-23 13:20:16,540 INFO  [main] org.opensimkit.InteractiveMain [InteractiveMain.java:215] System terminating due broken connections...
