OpenSimKit output file created by OpenSimKit Java Version 3.7beta
Start time: 2012-07-28T13:12:03.421
System: Rocket propulsion system
Case:   nominal operation
Note:   03.01.2011

Result-table:
Mission Time	20_ENGINE-THRUST	20_ENGINE-ALT	22_STRUCTURE-SCVELOCITYX	22_STRUCTURE-SCVELOCITYY	22_STRUCTURE-SCVELOCITYZ	22_STRUCTURE-SCPOSITIONX	22_STRUCTURE-SCPOSITIONY	22_STRUCTURE-SCPOSITIONZ	22_STRUCTURE-SCPOSX_ECEF	22_STRUCTURE-SCPOSY_ECEF	22_STRUCTURE-SCPOSZ_ECEF	22_STRUCTURE-SCVELX_ECEF	22_STRUCTURE-SCVELY_ECEF	22_STRUCTURE-SCVELZ_ECEF	22_STRUCTURE-SCPOSLAT	22_STRUCTURE-SCPOSLON	22_STRUCTURE-SCPOSALT
1970-01-01T00:00:00.000	0.000000	600000.000000	0.000000	0.000000	0.000000	0.000000	0.000000	0.000000	0.000000	0.000000	0.000000	0.000000	0.000000	0.000000	0.000000	0.000000	0.000000
2010-03-01T22:55:20.000	100.000000	600466.316388	-131.143285	2700.084397	7058.216152	6976956.691486	54002.468232	141166.419665	-5563238.883129	-4210600.407844	148277.557959	1416.628474	-1677.123299	7058.113744	0.021380	-2.493715	600466.316388
2010-03-01T22:55:40.000	100.000000	600979.182143	-295.019481	2698.959101	7055.260684	6972531.035116	107993.870218	282303.717139	-5533519.906541	-4243105.682701	289410.970288	1542.118928	-1583.207985	7054.991249	0.041735	-2.487426	600979.182143
2010-03-01T22:56:00.000	100.000000	601507.297693	-458.764407	2696.566230	7048.982513	6964829.170636	161948.821225	423345.350921	-5501296.158785	-4273728.048382	430445.379579	1667.167966	-1488.914244	7048.546171	0.062090	-2.481123	601507.297693
2010-03-01T22:56:20.000	100.000000	602052.099581	-622.300397	2692.907141	7039.385230	6953854.577788	215841.983666	564224.903785	-5466577.106308	-4302460.414959	571314.371857	1791.717700	-1394.285448	7038.782179	0.082443	-2.474799	602052.099581
2010-03-01T22:56:40.000	100.000000	602614.995497	-785.549811	2687.983809	7026.474047	6939612.289419	269648.053889	704876.048152	-5429373.372592	-4329296.560552	711951.624381	1915.710304	-1299.365012	7025.704565	0.102793	-2.468449	602614.995497
2010-03-01T22:57:00.000	100.000000	603197.363742	-948.435080	2681.798826	7010.255803	6922108.890455	323341.774516	845232.578564	-5389696.736493	-4354231.132105	852290.938108	2039.088047	-1204.196375	7009.320245	0.123138	-2.462065	603197.363742
2010-03-01T22:57:20.000	100.000000	603800.552738	-1110.878747	2674.355402	6990.738965	6901352.516046	376897.946825	985228.444240	-5347560.130077	-4377259.645545	992266.270260	2161.793321	-1108.822977	6989.637768	0.143476	-2.455641	603800.552738
2010-03-01T22:57:40.000	100.000000	604425.880598	-1272.803509	2665.657372	6967.933633	6877352.848852	430291.443158	1124797.781712	-5302977.635727	-4398378.485601	1131811.766942	2283.768678	-1013.288241	6966.667311	0.163807	-2.449170	604425.880598
2010-03-01T22:58:00.000	100.000000	605074.634736	-1434.132261	2655.709189	6941.851541	6850121.115488	483497.219346	1263874.947483	-5255964.482578	-4417584.905203	1270861.795810	2404.956863	-917.635545	6940.420687	0.184128	-2.442646	605074.634736
2010-03-01T22:58:20.000	100.000000	605748.071532	-1594.788139	2644.515930	6912.506059	6819670.082093	536490.327143	1402394.550718	-5206537.042354	-4434877.024326	1409350.978750	2525.300847	-821.908207	6910.911344	0.204437	-2.436060	605748.071532
2010-03-01T22:58:40.000	100.000000	606447.416038	-1754.694563	2632.083291	6879.912187	6786014.049037	589245.926662	1540291.485919	-5154712.824376	-4450253.828602	1547214.224550	2644.743861	-726.149457	6878.154360	0.224734	-2.429407	606447.416038
2010-03-01T22:59:00.000	100.000000	607173.861741	-1913.775281	2618.417591	6844.086558	6749168.844746	641739.298794	1677500.965566	-5100510.470043	-4463715.167273	1684386.761534	2763.229432	-630.402419	6842.166447	0.245016	-2.422677	607173.861741
2010-03-01T22:59:20.000	100.000000	607928.570363	-2071.954415	2603.525768	6805.047432	6709151.818652	693945.857618	1813958.552696	-5043949.746536	-4475261.750820	1820804.170138	2880.701413	-534.710084	6802.965941	0.265282	-2.415865	607928.570363
2010-03-01T22:59:40.000	100.000000	608712.671714	-2229.156501	2587.415378	6762.814691	6665981.833255	745841.162767	1949600.193403	-4985051.539935	-4484895.148018	1956402.415394	2997.104022	-439.115291	6760.572803	0.285529	-2.408961	608712.671714
2010-03-01T23:00:00.000	100.000000	609527.263587	-2385.306539	2570.094591	6717.409834	6619679.255310	797400.931764	2084362.249213	-4923837.847486	-4492617.782721	2091117.879304	3112.381873	-343.660702	6715.008606	0.305757	-2.401957	609527.263587
2010-03-01T23:00:20.000	100.000000	610373.411699	-2540.330032	2551.572193	6668.855967	6570265.946124	848601.052301	2218181.529325	-4860331.769338	-4498432.930025	2224887.393068	3226.480011	-248.388779	6666.296533	0.325962	-2.394845	610373.411699
2010-03-01T23:00:40.000	100.000000	611252.149677	-2694.153031	2531.857575	6617.177798	6517765.250974	899417.594459	2350995.322691	-4794557.499591	-4502344.711972	2357648.269151	3339.343948	-153.341762	6614.461368	0.346143	-2.387615	611252.149677
2010-03-01T23:01:00.000	100.000000	612164.479093	-2846.702182	2510.960738	6562.401621	6462201.987652	949826.822859	2482741.429890	-4726540.316531	-4504358.092964	2489338.333150	3450.919693	-58.561646	6559.529479	0.366298	-2.380259	612164.479093
2010-03-01T23:01:20.000	100.000000	613111.369536	-2997.904764	2488.892282	6504.555310	6403602.434133	999805.208726	2613358.194796	-4656306.572329	-4504478.874548	2619895.955450	3561.153786	35.909841	6501.528816	0.386424	-2.372767	613111.369536
2010-03-01T23:01:40.000	100.000000	614093.758737	-3147.688738	2465.663404	6443.668306	6341994.315376	1049329.441866	2742784.536001	-4583883.682080	-4502713.689766	2749260.082624	3669.993336	130.031263	6440.488892	0.406519	-2.365127	614093.758737
2010-03-01T23:02:00.000	100.000000	615112.552733	-3295.982786	2441.285893	6379.771597	6277406.789272	1098376.442542	2870959.977961	-4509300.112034	-4499069.997197	2877370.268581	3777.386049	223.761495	6376.440768	0.426581	-2.357330	615112.552733
2010-03-01T23:02:20.000	100.000000	616168.626081	-3442.716353	2415.772122	6312.897711	6209870.431731	1146923.373243	2997824.681867	-4432585.367331	-4493556.074385	3004166.705406	3883.280260	317.059748	6309.417043	0.446607	-2.349364	616168.626081
2010-03-01T23:02:40.000	100.000000	617262.822112	-3587.819694	2389.135046	6243.080693	6139417.220935	1194947.650322	3123319.476183	-4353769.978995	-4486181.010924	3129590.253891	3987.624970	409.885592	6239.451836	0.466595	-2.341217	617262.822112
2010-03-01T23:03:00.000	100.000000	618395.953233	-3731.223908	2361.388191	6170.356094	6066080.520751	1242426.955523	3247385.886859	-4272885.490389	-4476954.701006	3253582.473732	4090.369875	502.198972	6166.580766	0.486541	-2.332876	618395.953233
2010-03-01T23:03:20.000	100.000000	619568.801275	-3872.860986	2332.545650	6094.760945	5989895.063327	1289339.247355	3369966.167181	-4189964.442871	-4465887.835702	3376085.653356	4191.465394	593.960237	6090.840934	0.506443	-2.324328	619568.801275
2010-03-01T23:03:40.000	100.000000	620782.117880	-4012.663844	2302.622073	6016.333744	5910896.930872	1335662.772334	3491003.327238	-4105040.360977	-4452991.894663	3497042.839371	4290.862706	685.130157	6012.270908	0.526297	-2.315559	620782.117880
2010-03-01T23:04:00.000	100.000000	622036.624935	-4150.566370	2271.632661	5935.114434	5829123.536634	1381376.076059	3610441.162989	-4018147.736993	-4438279.137403	3616397.865618	4388.513778	775.669943	5930.910696	0.546100	-2.306553	622036.624935
2010-03-01T23:04:20.000	100.000000	623333.015050	-4286.503460	2239.593159	5851.144377	5744613.605097	1426458.014139	3728224.284908	-3929322.014773	-4421762.594310	3734095.381791	4484.371394	865.541272	5846.801729	0.565849	-2.297295	623333.015050
2010-03-01T23:04:40.000	100.000000	624671.952077	-4420.411056	2206.519844	5764.466338	5657407.151386	1470887.762942	3844298.146185	-3838599.573108	-4403456.057099	3850080.881621	4578.389183	954.706304	5759.986836	0.585539	-2.287768	624671.952077
2010-03-01T23:05:00.000	100.000000	626054.071667	-4552.226183	2172.429518	5675.124457	5567545.459925	1514644.830171	3958609.070471	-3746017.708509	-4383374.068870	3964300.730597	4670.521655	1043.127701	5670.510222	0.605167	-2.277953	626054.071667
2010-03-01T23:05:20.000	100.000000	627479.981867	-4681.886991	2137.339498	5583.164227	5475071.062323	1557709.065256	4071104.279138	-3651614.617273	-4361531.913899	4076702.193201	4760.724221	1130.768652	5578.417443	0.624729	-2.267831	627479.981867
2010-03-01T23:05:40.000	100.000000	628950.263759	-4809.332786	2101.267608	5488.632467	5380027.714535	1600060.669550	4181731.918041	-3555429.377118	-4337945.606904	4187233.459652	4848.953226	1217.592886	5483.755379	0.644219	-2.257382	628950.263759
2010-03-01T23:06:00.000	100.000000	630465.472128	-4934.504071	2064.232165	5391.577296	5282460.373285	1641680.206334	4290441.083761	-3457501.928270	-4312631.881936	4295843.672125	4935.165977	1303.564695	5386.572212	0.663633	-2.246582	630465.472128
2010-03-01T23:06:20.000	100.000000	632026.136163	-5057.342578	2026.251974	5292.048106	5182415.171782	1682548.610612	4397181.849314	-3357873.053852	-4285608.181007	4402482.950430	5019.320769	1388.648951	5286.917392	0.682966	-2.235409	632026.136163
2010-03-01T23:06:40.000	100.000000	633632.760192	-5177.791305	1987.346312	5190.095534	5079939.394727	1722647.198691	4501905.289303	-3256584.359896	-4256892.642217	4507102.417145	5101.376909	1472.811128	5184.841615	0.702211	-2.223838	633632.760192
2010-03-01T23:07:00.000	100.000000	635285.824440	-5295.794548	1947.534919	5085.771434	4975081.452639	1761957.677544	4604563.504500	-3153678.254743	-4226504.087596	4609654.222165	5181.294746	1556.017314	5080.396791	0.721364	-2.211840	635285.824440
2010-03-01T23:07:20.000	100.000000	636985.785811	-5411.297936	1906.837989	4979.128843	4867890.855506	1800462.153948	4705109.645823	-3049197.928007	-4194462.010515	4710091.566659	5259.035697	1638.234233	4973.636015	0.740417	-2.199387	636985.785811
2010-03-01T23:07:40.000	100.000000	638733.078690	-5524.248462	1865.276153	4870.221956	4758418.185774	1838143.143379	4803497.937719	-2943187.328893	-4160786.562866	4808368.726424	5334.562267	1719.429261	4864.613534	0.759362	-2.186447	638733.078690
2010-03-01T23:08:00.000	100.000000	640528.115763	-5634.594518	1822.870470	4759.106088	4646715.070700	1874983.578682	4899683.700907	-2835691.144156	-4125498.541791	4904441.074594	5407.838077	1799.570443	4753.384716	0.778193	-2.172987	640528.115763
2010-03-01T23:08:20.000	100.000000	642371.288844	-5742.285922	1779.642416	4645.837646	4532834.154073	1910966.818472	4993623.374466	-2726754.775582	-4088619.376089	4998265.103709	5478.827888	1878.626509	4640.006020	0.796901	-2.158970	642371.288844
2010-03-01T23:08:40.000	100.000000	644262.969719	-5847.273950	1735.613866	4530.474091	4416829.067328	1946076.655301	5085274.537271	-2616424.316875	-4050171.112379	5089798.447114	5547.497622	1956.566893	4524.534958	0.815477	-2.144357	644262.969719
2010-03-01T23:09:00.000	100.000000	646203.510981	-5949.511365	1690.807086	4413.073906	4298754.400071	1980297.323548	5174595.928730	-2504746.530218	-4010176.400862	5178999.899666	5613.814384	2033.361744	4407.030060	0.833911	-2.129106	646203.510981
2010-03-01T23:09:20.000	100.000000	648193.246882	-6048.952444	1645.244716	4293.696562	4178665.670028	2013613.507044	5261547.468816	-2391768.822409	-3968658.480766	5265829.437745	5677.746485	2108.981944	4287.550842	0.852193	-2.113173	648193.246882
2010-03-01T23:09:40.000	100.000000	650232.494162	-6145.553009	1598.949758	4172.402474	4056619.292444	2046010.346431	5346090.277385	-2277539.220443	-3925641.165587	5350248.238528	5739.263463	2183.399124	4166.157769	0.870309	-2.096507	650232.494162
2010-03-01T23:10:00.000	100.000000	652321.552887	-6239.270447	1551.945561	4049.252974	3932672.548959	2077473.446224	5428186.692742	-2162106.346828	-3881148.827948	5432218.698532	5798.336099	2256.585676	4042.912213	0.888249	-2.079058	652321.552887
2010-03-01T23:10:20.000	100.000000	654460.707264	-6330.063739	1504.255805	3924.310264	3806883.555961	2107988.881596	5507800.289456	-2045519.394508	-3835206.384185	5511704.451394	5854.936439	2328.514766	3917.876420	0.905997	-2.060769	654460.707264
2010-03-01T23:10:40.000	100.000000	656650.226443	-6417.893484	1455.904491	3797.637382	3679311.232476	2137543.204863	5584895.895399	-1927828.101309	-3787839.278736	5588670.384876	5909.037812	2399.160351	3791.113466	0.923538	-2.041580	656650.226443
2010-03-01T23:11:00.000	100.000000	658890.365305	-6502.721917	1406.915920	3669.298159	3550015.267577	2166123.451676	5659439.607988	-1809082.724176	-3739073.468200	5663082.657077	5960.614844	2468.497187	3662.687223	0.940856	-2.021426	658890.365305
2010-03-01T23:11:20.000	100.000000	661181.365220	-6584.512936	1357.314679	3539.357180	3419056.087381	2193717.146899	5731398.809632	-1689334.013001	-3688935.405187	5734908.711844	6009.643476	2536.500844	3532.662313	0.957932	-2.000239	661181.365220
2010-03-01T23:11:40.000	100.000000	663523.454786	-6663.232117	1307.125630	3407.879743	3286494.821625	2220312.310183	5800742.182351	-1568633.184237	-3637452.021905	5804117.293359	6056.100976	2603.147717	3401.104069	0.974746	-1.977945	663523.454786
2010-03-01T23:12:00.000	100.000000	665916.850538	-6738.846733	1256.373889	3274.931816	3152393.269870	2245897.461225	5867439.721567	-1447031.894102	-3584650.713595	5870678.459894	6099.965956	2668.415034	3268.078493	0.991276	-1.954466	665916.850538
2010-03-01T23:12:20.000	100.000000	668361.757626	-6811.325775	1205.084810	3140.579997	3016813.867360	2270461.624702	5931462.749055	-1324582.211639	-3530559.321694	5934563.596725	6141.218382	2732.280870	3133.652213	1.007497	-1.929722	668361.757626
2010-03-01T23:12:40.000	100.000000	670858.370467	-6880.639961	1153.283974	3004.891468	2879819.650547	2293994.334893	5992783.925034	-1201336.591554	-3475206.116824	5995745.428196	6179.839584	2794.724151	2997.892442	1.023383	-1.903624	670858.370467
2010-03-01T23:13:00.000	100.000000	673406.873357	-6946.761755	1100.997167	2867.933952	2741474.222343	2316485.639968	6051377.259404	-1077347.846718	-3418619.781651	6054198.028910	6215.812268	2855.724668	2860.866934	1.038906	-1.876086	673406.873357
2010-03-01T23:13:20.000	100.000000	676007.441050	-7009.665375	1048.250365	2729.775673	2601841.717097	2337926.105946	6107218.122109	-952669.120613	-3360829.393531	6109896.834065	6249.120525	2915.263080	2722.643936	1.054032	-1.847013	676007.441050
2010-03-01T23:13:40.000	100.000000	678660.239311	-7069.326808	995.069720	2590.485309	2460986.765350	2358306.820337	6160283.252633	-827353.859602	-3301864.407029	6162818.648909	6279.749834	2973.320924	2583.292153	1.068727	-1.816313	678660.239311
2010-03-01T23:14:00.000	100.000000	681365.425420	-7125.723816	941.481542	2450.131950	2318974.458388	2377619.395435	6210550.768611	-701455.784965	-3241754.636336	6212941.657317	6307.687077	3029.880617	2442.880696	1.082954	-1.783893	681365.425420
2010-03-01T23:14:20.000	100.000000	684123.148650	-7178.835948	887.512280	2308.785049	2175870.312626	2395855.971290	6258000.173565	-575028.864921	-3180530.237539	6260245.429492	6332.920533	3084.925468	2301.479042	1.096671	-1.749661	684123.148650
2010-03-01T23:14:40.000	100.000000	686933.550709	-7228.644540	833.188507	2166.514387	2031740.233848	2413009.218344	6302612.363757	-448127.286565	-3118221.690807	6304710.928778	6355.439893	3138.439674	2159.156989	1.109835	-1.713531	686933.550709
2010-03-01T23:15:00.000	100.000000	689796.766141	-7275.132727	778.536906	2023.390021	1886650.481344	2429072.339731	6344369.634162	-320805.427629	-3054859.782511	6346320.517598	6375.236253	3190.408330	2015.984611	1.122398	-1.675428	689796.766141
2010-03-01T23:15:20.000	100.000000	692712.922701	-7318.285438	723.584250	1879.482243	1740667.631959	2444039.073250	6383255.683557	-193117.828316	-2990475.587256	6385057.962509	6392.302126	3240.817431	1872.032218	1.134309	-1.635284	692712.922701
2010-03-01T23:15:40.000	100.000000	695682.141690	-7358.089409	668.357385	1734.861536	1593858.544090	2457903.692999	6419255.618737	-65119.163040	-2925100.449879	6420908.438377	6406.631431	3289.653871	1727.370305	1.145516	-1.593055	695682.141690
2010-03-01T23:16:00.000	100.000000	698704.538260	-7394.533172	612.883217	1589.598531	1446290.321662	2470661.010682	6452355.957856	63135.787768	-2858765.967405	6453858.531687	6418.219504	3336.905448	1582.069516	1.155964	-1.548715	698704.538260
2010-03-01T23:16:20.000	100.000000	701780.221690	-7427.607063	557.188692	1443.763962	1298030.278101	2482306.376589	6482544.632900	191592.165944	-2791503.970982	6483896.242970	6427.063089	3382.560863	1436.200596	1.165595	-1.502270	701780.221690
2010-03-01T23:16:40.000	100.000000	704909.295624	-7457.303217	501.300782	1297.428626	1149145.900335	2492835.680245	6509810.991289	320195.063744	-2723346.507812	6511010.988380	6433.160338	3426.609719	1289.834348	1.174351	-1.453760	704909.295624
2010-03-01T23:17:00.000	100.000000	708091.858286	-7483.615562	445.246467	1150.663336	999704.812845	2502245.350729	6534145.796628	448889.551936	-2654325.823093	6535193.600399	6436.510808	3469.042522	1143.041593	1.182176	-1.403265	708091.858286
2010-03-01T23:17:20.000	100.000000	711328.002664	-7506.539822	389.052721	1003.538882	849774.741801	2510532.356680	6555541.228606	577620.707910	-2584474.341966	6556436.327702	6437.115458	3509.850682	995.893125	1.189014	-1.350913	711328.002664
2010-03-01T23:17:40.000	100.000000	714617.816666	-7526.073503	332.746493	856.125987	699423.479290	2517694.205974	6573990.882037	706333.643605	-2513824.651508	6574732.834166	6434.976640	3549.026504	848.459671	1.194814	-1.296879	714617.816666
2010-03-01T23:18:00.000	100.000000	717961.383248	-7542.215891	276.354695	708.495266	548718.847672	2523728.945080	6589489.765080	834973.533324	-2442409.482776	6590078.197049	6430.098099	3586.563194	700.811846	1.199530	-1.241387	717961.383248
2010-03-01T23:18:20.000	100.000000	721358.780516	-7554.968044	219.904183	560.717185	397728.664082	2528635.158107	6602034.296614	963485.641503	-2370261.692880	6602468.904326	6422.484959	3622.454849	553.020114	1.203121	-1.184708	721358.780516
2010-03-01T23:18:40.000	100.000000	724810.081804	-7564.332782	163.421741	412.862017	246520.705095	2532411.965530	6611622.302792	1091815.350255	-2297414.247146	6611902.851217	6412.143722	3656.696457	405.154748	1.205558	-1.127155	724810.081804
2010-03-01T23:19:00.000	100.000000	728315.355723	-7570.314678	106.934069	264.999806	95162.671590	2535059.022610	6618253.012782	1219908.186755	-2223900.201364	6618379.335882	6399.082254	3689.283894	257.285787	1.206820	-1.069071	728315.355723
2010-03-01T23:19:20.000	100.000000	731874.666187	-7572.920047	50.467764	117.200324	-56277.846184	2536576.517497	6621927.053691	1347709.850517	-2149752.684094	6621899.054315	6383.309782	3720.213914	109.482996	1.206896	-1.010822	731874.666187
2010-03-01T23:19:22.000	100.000000	732233.571564	-7572.995169	44.823330	102.426503	-71423.836523	2536666.164156	6622131.906696	1360471.917626	-2142304.368627	6622088.472378	6381.583825	3723.215660	94.709033	1.206838	-1.005002	732233.571564

End time: 2012-07-28T13:15:35.781
Simulation duration: 0d 0h 3m 212s 212360mu 
